#
# There is insufficient memory for the Java Runtime Environment to continue.
# Native memory allocation (malloc) failed to allocate 230416 bytes. Error detail: Chunk::new
# Possible reasons:
#   The system is out of physical RAM or swap space
#   This process is running with CompressedOops enabled, and the Java Heap may be blocking the growth of the native heap
# Possible solutions:
#   Reduce memory load on the system
#   Increase physical memory or swap space
#   Check if swap backing store is full
#   Decrease Java heap size (-Xmx/-Xms)
#
#  Out of Memory Error
#
# ]
V  [jvm.dll+0xc6c31]
V  [jvm.dll+0x2fb29e]
V  [jvm.dll+0x5fe884]
V  [jvm.dll+0x255b17]
V  [jvm.dll+0x255edd]
V  [jvm.dll+0x24e500]
V  [jvm.dll+0x24ba42]
V  [jvm.dll+0x1cb34e]
V  [jvm.dll+0x25b85d]
V  [jvm.dll+0x259dea]
V  [jvm.dll+0x3f857e]
V  [jvm.dll+0x85f59d]
V  [jvm.dll+0x6d626d]
C  [ucrtbase.dll+0x37b0]
C  [KERNEL32.DLL+0x2e8d7]
C  [ntdll.dll+0x8c3fc]


---------------  P R O C E S S  ---------------

Threads class SMR info:
_java_thread_list=0x00000268660c5210, length=17, elements={
0x000002684878e5d0, 0x000002685f2191a0, 0x000002685f21d0d0, 0x000002685f226050,
0x000002685f222bd0, 0x000002685f223f80, 0x000002685f224ca0, 0x0000026860595450,
0x0000026860599510, 0x000002685f223260, 0x00000268608bb050, 0x000002685f224610,
0x0000026861ab95d0, 0x000002685f2238f0, 0x000002685f225330, 0x000002685f2259c0,
0x0000026866082640
}

Java Threads: ( => current thread )
  0x000002684878e5d0 JavaThread "main"                              [_thread_blocked, id=9360, stack(0x000000e4b3700000,0x000000e4b3800000) (1024K)]
  0x000002685f2191a0 JavaThread "Reference Handler"          daemon [_thread_blocked, id=15604, stack(0x000000e4b3b00000,0x000000e4b3c00000) (1024K)]
  0x000002685f21d0d0 JavaThread "Finalizer"                  daemon [_thread_blocked, id=31248, stack(0x000000e4b3c00000,0x000000e4b3d00000) (1024K)]
  0x000002685f226050 JavaThread "Signal Dispatcher"          daemon [_thread_blocked, id=22140, stack(0x000000e4b3d00000,0x000000e4b3e00000) (1024K)]
  0x000002685f222bd0 JavaThread "Attach Listener"            daemon [_thread_blocked, id=32668, stack(0x000000e4b3e00000,0x000000e4b3f00000) (1024K)]
  0x000002685f223f80 JavaThread "Service Thread"             daemon [_thread_blocked, id=1884, stack(0x000000e4b3f00000,0x000000e4b4000000) (1024K)]
  0x000002685f224ca0 JavaThread "Monitor Deflation Thread"   daemon [_thread_blocked, id=23016, stack(0x000000e4b4000000,0x000000e4b4100000) (1024K)]
  0x0000026860595450 JavaThread "C2 CompilerThread0"         daemon [_thread_blocked, id=11344, stack(0x000000e4b4100000,0x000000e4b4200000) (1024K)]
  0x0000026860599510 JavaThread "C1 CompilerThread0"         daemon [_thread_blocked, id=33240, stack(0x000000e4b4200000,0x000000e4b4300000) (1024K)]
  0x000002685f223260 JavaThread "Common-Cleaner"             daemon [_thread_blocked, id=11988, stack(0x000000e4b4300000,0x000000e4b4400000) (1024K)]
=>0x00000268608bb050 JavaThread "C2 CompilerThread1"         daemon [_thread_in_native, id=34304, stack(0x000000e4b4400000,0x000000e4b4500000) (1024K)]
  0x000002685f224610 JavaThread "Notification Thread"        daemon [_thread_blocked, id=24112, stack(0x000000e4b4500000,0x000000e4b4600000) (1024K)]
  0x0000026861ab95d0 JavaThread "C2 CompilerThread2"         daemon [_thread_in_native, id=21128, stack(0x000000e4b4600000,0x000000e4b4700000) (1024K)]
  0x000002685f2238f0 JavaThread "Active Thread: Equinox Container: 53d92af5-d959-41ed-9883-02f01985ff9b"        [_thread_blocked, id=18048, stack(0x000000e4b4d00000,0x000000e4b4e00000) (1024K)]
  0x000002685f225330 JavaThread "Refresh Thread: Equinox Container: 53d92af5-d959-41ed-9883-02f01985ff9b" daemon [_thread_blocked, id=18748, stack(0x000000e4b4f00000,0x000000e4b5000000) (1024K)]
  0x000002685f2259c0 JavaThread "Framework Event Dispatcher: Equinox Container: 53d92af5-d959-41ed-9883-02f01985ff9b" daemon [_thread_blocked, id=8724, stack(0x000000e4b5000000,0x000000e4b5100000) (1024K)]
  0x0000026866082640 JavaThread "Start Level: Equinox Container: 53d92af5-d959-41ed-9883-02f01985ff9b" daemon [_thread_in_native, id=20372, stack(0x000000e4b5100000,0x000000e4b5200000) (1024K)]
Total: 17

Other Threads:
  0x000002685f2148f0 VMThread "VM Thread"                           [id=35076, stack(0x000000e4b3a00000,0x000000e4b3b00000) (1024K)]
  0x00000268487f4ed0 WatcherThread "VM Periodic Task Thread"        [id=1412, stack(0x000000e4b3900000,0x000000e4b3a00000) (1024K)]
  0x00000268487a5b60 WorkerThread "GC Thread#0"                     [id=31276, stack(0x000000e4b3800000,0x000000e4b3900000) (1024K)]
  0x0000026861a0d780 WorkerThread "GC Thread#1"                     [id=24844, stack(0x000000e4b4700000,0x000000e4b4800000) (1024K)]
  0x000002686182fa20 WorkerThread "GC Thread#2"                     [id=31188, stack(0x000000e4b4800000,0x000000e4b4900000) (1024K)]
  0x0000026861a0db30 WorkerThread "GC Thread#3"                     [id=19700, stack(0x000000e4b4900000,0x000000e4b4a00000) (1024K)]
  0x0000026861a0dee0 WorkerThread "GC Thread#4"                     [id=2096, stack(0x000000e4b4a00000,0x000000e4b4b00000) (1024K)]
  0x0000026861a50230 WorkerThread "GC Thread#5"                     [id=1572, stack(0x000000e4b4b00000,0x000000e4b4c00000) (1024K)]
  0x0000026861a505e0 WorkerThread "GC Thread#6"                     [id=9308, stack(0x000000e4b4c00000,0x000000e4b4d00000) (1024K)]
  0x0000026861ce7350 WorkerThread "GC Thread#7"                     [id=21864, stack(0x000000e4b4e00000,0x000000e4b4f00000) (1024K)]
  0x0000026866739c00 WorkerThread "GC Thread#8"                     [id=34184, stack(0x000000e4b5200000,0x000000e4b5300000) (1024K)]
  0x0000026866739fb0 WorkerThread "GC Thread#9"                     [id=35476, stack(0x000000e4b5300000,0x000000e4b5400000) (1024K)]
Total: 12

Threads with active compile tasks:
C2 CompilerThread0  1635 2170   !   4       java.io.BufferedInputStream::mark (62 bytes)
C2 CompilerThread1  1635 2121 %     4       java.util.Properties$LineReader::readLine @ 293 (584 bytes)
Total: 2

VM state: not at safepoint (normal execution)

VM Mutex/Monitor currently owned by a thread: None

Heap address: 0x0000000080000000, size: 2048 MB, Compressed Oops mode: 32-bit

CDS archive(s) mapped at: [0x0000026800000000-0x0000026800ba0000-0x0000026800ba0000), size 12189696, SharedBaseAddress: 0x0000026800000000, ArchiveRelocationMode: 1.
Compressed class space mapped at: 0x0000026801000000-0x0000026841000000, reserved size: 1073741824
Narrow klass base: 0x0000026800000000, Narrow klass shift: 0, Narrow klass range: 0x100000000

GC Precious Log:
 CardTable entry size: 512
 CPUs: 12 total, 12 available
 Memory: 15678M
 Large Page Support: Disabled
 NUMA Support: Disabled
 Compressed Oops: Enabled (32-bit)
 Alignments: Space 512K, Generation 512K, Heap 2M
 Heap Min Capacity: 100M
 Heap Initial Capacity: 100M
 Heap Max Capacity: 2G
 Pre-touch: Disabled
 Parallel Workers: 10

Heap:
 PSYoungGen      total 29696K, used 4876K [0x00000000d5580000, 0x00000000d7680000, 0x0000000100000000)
  eden space 25600K, 3% used [0x00000000d5580000,0x00000000d5649e70,0x00000000d6e80000)
  from space 4096K, 99% used [0x00000000d6e80000,0x00000000d72794d8,0x00000000d7280000)
  to   space 4096K, 0% used [0x00000000d7280000,0x00000000d7280000,0x00000000d7680000)
 ParOldGen       total 68608K, used 5100K [0x0000000080000000, 0x0000000084300000, 0x00000000d5580000)
  object space 68608K, 7% used [0x0000000080000000,0x00000000804fb0c0,0x0000000084300000)
 Metaspace       used 9428K, committed 9792K, reserved 1114112K
  class space    used 1007K, committed 1152K, reserved 1048576K

Card table byte_map: [0x0000026848120000,0x0000026848530000] _byte_map_base: 0x0000026847d20000

Marking Bits: (ParMarkBitMap*) 0x00007ffd8e7b3450
 Begin Bits: [0x000002685ac30000, 0x000002685cc30000)
 End Bits:   [0x000002685cc30000, 0x000002685ec30000)

Polling page: 0x0000026846940000

Metaspace:

Usage:
  Non-class:      8.22 MB used.
      Class:   1007.34 KB used.
       Both:      9.21 MB used.

Virtual space:
  Non-class space:       64.00 MB reserved,       8.44 MB ( 13%) committed,  1 nodes.
      Class space:        1.00 GB reserved,       1.12 MB ( <1%) committed,  1 nodes.
             Both:        1.06 GB reserved,       9.56 MB ( <1%) committed. 

Chunk freelists:
   Non-Class:  6.80 MB
       Class:  14.79 MB
        Both:  21.58 MB

MaxMetaspaceSize: unlimited
CompressedClassSpaceSize: 1.00 GB
Initial GC threshold: 21.00 MB
Current GC threshold: 21.00 MB
CDS: on
 - commit_granule_bytes: 65536.
 - commit_granule_words: 8192.
 - virtual_space_node_default_size: 8388608.
 - enlarge_chunks_in_place: 1.
 - use_allocation_guard: 0.


Internal statistics:

num_allocs_failed_limit: 0.
num_arena_births: 256.
num_arena_deaths: 0.
num_vsnodes_births: 2.
num_vsnodes_deaths: 0.
num_space_committed: 153.
num_space_uncommitted: 0.
num_chunks_returned_to_freelist: 0.
num_chunks_taken_from_freelist: 505.
num_chunk_merges: 0.
num_chunk_splits: 321.
num_chunks_enlarged: 212.
num_inconsistent_stats: 0.

CodeHeap 'non-profiled nmethods': size=120000Kb used=981Kb max_used=981Kb free=119018Kb
 bounds [0x0000026853450000, 0x00000268536c0000, 0x000002685a980000]
CodeHeap 'profiled nmethods': size=120000Kb used=3890Kb max_used=3890Kb free=116110Kb
 bounds [0x000002684b980000, 0x000002684bd50000, 0x0000026852eb0000]
CodeHeap 'non-nmethods': size=5760Kb used=1240Kb max_used=1272Kb free=4519Kb
 bounds [0x0000026852eb0000, 0x0000026853120000, 0x0000026853450000]
CodeCache: size=245760Kb, used=6111Kb, max_used=6143Kb, free=239647Kb
 total_blobs=2663, nmethods=2170, adapters=399, full_count=0
Compilation: enabled, stopped_count=0, restarted_count=0

Compilation events (20 events):
Event: 1.597 Thread 0x0000026860599510 nmethod 2135 0x000002684bd42a90 code [0x000002684bd42c60, 0x000002684bd42f08]
Event: 1.597 Thread 0x0000026860599510 2137       3       java.util.stream.AbstractPipeline::wrapSink (37 bytes)
Event: 1.598 Thread 0x0000026860599510 nmethod 2137 0x000002684bd43090 code [0x000002684bd43260, 0x000002684bd43660]
Event: 1.598 Thread 0x0000026860599510 2138       3       java.util.stream.Sink$ChainedReference::<init> (16 bytes)
Event: 1.598 Thread 0x0000026860599510 nmethod 2138 0x000002684bd43810 code [0x000002684bd439e0, 0x000002684bd43dd0]
Event: 1.598 Thread 0x0000026860599510 2139       3       java.util.Locale::getDefault (4 bytes)
Event: 1.598 Thread 0x0000026860599510 nmethod 2139 0x000002684bd43f10 code [0x000002684bd440a0, 0x000002684bd44198]
Event: 1.598 Thread 0x0000026860599510 2136       3       java.util.stream.AbstractPipeline::sourceSpliterator (265 bytes)
Event: 1.598 Thread 0x0000026860595450 2140       4       java.util.AbstractList::<init> (10 bytes)
Event: 1.599 Thread 0x0000026860595450 nmethod 2140 0x000002685353ea10 code [0x000002685353eba0, 0x000002685353ec30]
Event: 1.599 Thread 0x0000026860599510 nmethod 2136 0x000002684bd44210 code [0x000002684bd444a0, 0x000002684bd45330]
Event: 1.599 Thread 0x0000026860599510 2141       3       java.util.stream.Sink$ChainedReference::end (10 bytes)
Event: 1.599 Thread 0x0000026860599510 nmethod 2141 0x000002684bd45890 code [0x000002684bd45a40, 0x000002684bd45c18]
Event: 1.599 Thread 0x0000026860599510 2142       3       java.nio.ByteBuffer::position (8 bytes)
Event: 1.599 Thread 0x0000026860599510 nmethod 2142 0x000002684bd45d10 code [0x000002684bd45ec0, 0x000002684bd46010]
Event: 1.599 Thread 0x0000026860599510 2143       3       org.eclipse.osgi.internal.container.InternalUtils::asList (2 bytes)
Event: 1.599 Thread 0x0000026860599510 nmethod 2143 0x000002684bd46090 code [0x000002684bd46220, 0x000002684bd46310]
Event: 1.599 Thread 0x0000026860599510 2144       3       java.util.stream.Sink::end (1 bytes)
Event: 1.600 Thread 0x0000026860599510 nmethod 2144 0x000002684bd46390 code [0x000002684bd46520, 0x000002684bd46628]
Event: 1.600 Thread 0x0000026860599510 2145       3       jdk.internal.misc.Unsafe::getLong (7 bytes)

GC Heap History (4 events):
Event: 0.772 GC heap before
{Heap before GC invocations=1 (full 0):
 PSYoungGen      total 29696K, used 25600K [0x00000000d5580000, 0x00000000d7680000, 0x0000000100000000)
  eden space 25600K, 100% used [0x00000000d5580000,0x00000000d6e80000,0x00000000d6e80000)
  from space 4096K, 0% used [0x00000000d7280000,0x00000000d7280000,0x00000000d7680000)
  to   space 4096K, 0% used [0x00000000d6e80000,0x00000000d6e80000,0x00000000d7280000)
 ParOldGen       total 68608K, used 0K [0x0000000080000000, 0x0000000084300000, 0x00000000d5580000)
  object space 68608K, 0% used [0x0000000080000000,0x0000000080000000,0x0000000084300000)
 Metaspace       used 4344K, committed 4608K, reserved 1114112K
  class space    used 474K, committed 576K, reserved 1048576K
}
Event: 0.779 GC heap after
{Heap after GC invocations=1 (full 0):
 PSYoungGen      total 29696K, used 3303K [0x00000000d5580000, 0x00000000d7680000, 0x0000000100000000)
  eden space 25600K, 0% used [0x00000000d5580000,0x00000000d5580000,0x00000000d6e80000)
  from space 4096K, 80% used [0x00000000d6e80000,0x00000000d71b9e98,0x00000000d7280000)
  to   space 4096K, 0% used [0x00000000d7280000,0x00000000d7280000,0x00000000d7680000)
 ParOldGen       total 68608K, used 16K [0x0000000080000000, 0x0000000084300000, 0x00000000d5580000)
  object space 68608K, 0% used [0x0000000080000000,0x0000000080004000,0x0000000084300000)
 Metaspace       used 4344K, committed 4608K, reserved 1114112K
  class space    used 474K, committed 576K, reserved 1048576K
}
Event: 1.314 GC heap before
{Heap before GC invocations=2 (full 0):
 PSYoungGen      total 29696K, used 28903K [0x00000000d5580000, 0x00000000d7680000, 0x0000000100000000)
  eden space 25600K, 100% used [0x00000000d5580000,0x00000000d6e80000,0x00000000d6e80000)
  from space 4096K, 80% used [0x00000000d6e80000,0x00000000d71b9e98,0x00000000d7280000)
  to   space 4096K, 0% used [0x00000000d7280000,0x00000000d7280000,0x00000000d7680000)
 ParOldGen       total 68608K, used 16K [0x0000000080000000, 0x0000000084300000, 0x00000000d5580000)
  object space 68608K, 0% used [0x0000000080000000,0x0000000080004000,0x0000000084300000)
 Metaspace       used 7984K, committed 8256K, reserved 1114112K
  class space    used 829K, committed 960K, reserved 1048576K
}
Event: 1.320 GC heap after
{Heap after GC invocations=2 (full 0):
 PSYoungGen      total 29696K, used 4070K [0x00000000d5580000, 0x00000000d7680000, 0x0000000100000000)
  eden space 25600K, 0% used [0x00000000d5580000,0x00000000d5580000,0x00000000d6e80000)
  from space 4096K, 99% used [0x00000000d7280000,0x00000000d7679820,0x00000000d7680000)
  to   space 4096K, 0% used [0x00000000d6e80000,0x00000000d6e80000,0x00000000d7280000)
 ParOldGen       total 68608K, used 2069K [0x0000000080000000, 0x0000000084300000, 0x00000000d5580000)
  object space 68608K, 3% used [0x0000000080000000,0x00000000802056b8,0x0000000084300000)
 Metaspace       used 7984K, committed 8256K, reserved 1114112K
  class space    used 829K, committed 960K, reserved 1048576K
}

Dll operation events (9 events):
Event: 0.011 Loaded shared library c:\Users\USER\.vscode\extensions\redhat.java-1.54.0-win32-x64\jre\21.0.10-win32-x86_64\bin\java.dll
Event: 0.084 Loaded shared library c:\Users\USER\.vscode\extensions\redhat.java-1.54.0-win32-x64\jre\21.0.10-win32-x86_64\bin\zip.dll
Event: 0.110 Loaded shared library C:\Users\USER\.vscode\extensions\redhat.java-1.54.0-win32-x64\jre\21.0.10-win32-x86_64\bin\instrument.dll
Event: 0.117 Loaded shared library C:\Users\USER\.vscode\extensions\redhat.java-1.54.0-win32-x64\jre\21.0.10-win32-x86_64\bin\net.dll
Event: 0.120 Loaded shared library C:\Users\USER\.vscode\extensions\redhat.java-1.54.0-win32-x64\jre\21.0.10-win32-x86_64\bin\nio.dll
Event: 0.124 Loaded shared library C:\Users\USER\.vscode\extensions\redhat.java-1.54.0-win32-x64\jre\21.0.10-win32-x86_64\bin\zip.dll
Event: 0.145 Loaded shared library C:\Users\USER\.vscode\extensions\redhat.java-1.54.0-win32-x64\jre\21.0.10-win32-x86_64\bin\jimage.dll
Event: 0.238 Loaded shared library c:\Users\USER\.vscode\extensions\redhat.java-1.54.0-win32-x64\jre\21.0.10-win32-x86_64\bin\verify.dll
Event: 1.335 Loaded shared library C:\Users\USER\AppData\Roaming\Code\User\globalStorage\redhat.java\1.54.0\config_win\org.eclipse.equinox.launcher\org.eclipse.equinox.launcher.win32.win32.x86_64_1.3.0.v20260203-2149\eclipse_11919.dll

Deoptimization events (20 events):
Event: 1.562 Thread 0x0000026866082640 Uncommon trap: trap_request=0xffffff45 fr.pc=0x0000026853525890 relative=0x0000000000000650
Event: 1.562 Thread 0x0000026866082640 Uncommon trap: reason=unstable_if action=reinterpret pc=0x0000026853525890 method=java.util.regex.Matcher.search(I)Z @ 30 c2
Event: 1.562 Thread 0x0000026866082640 DEOPT PACKING pc=0x0000026853525890 sp=0x000000e4b51fdae0
Event: 1.562 Thread 0x0000026866082640 DEOPT UNPACKING pc=0x0000026852f06da2 sp=0x000000e4b51fdad0 mode 2
Event: 1.563 Thread 0x0000026866082640 Uncommon trap: trap_request=0xffffffde fr.pc=0x0000026853524a64 relative=0x0000000000000304
Event: 1.563 Thread 0x0000026866082640 Uncommon trap: reason=class_check action=maybe_recompile pc=0x0000026853524a64 method=java.util.regex.Pattern$BmpCharPropertyGreedy.match(Ljava/util/regex/Matcher;ILjava/lang/CharSequence;)Z @ 26 c2
Event: 1.563 Thread 0x0000026866082640 DEOPT PACKING pc=0x0000026853524a64 sp=0x000000e4b51fd7d0
Event: 1.563 Thread 0x0000026866082640 DEOPT UNPACKING pc=0x0000026852f06da2 sp=0x000000e4b51fd788 mode 2
Event: 1.563 Thread 0x0000026866082640 Uncommon trap: trap_request=0xffffffde fr.pc=0x0000026853524a64 relative=0x0000000000000304
Event: 1.563 Thread 0x0000026866082640 Uncommon trap: reason=class_check action=maybe_recompile pc=0x0000026853524a64 method=java.util.regex.Pattern$BmpCharPropertyGreedy.match(Ljava/util/regex/Matcher;ILjava/lang/CharSequence;)Z @ 26 c2
Event: 1.563 Thread 0x0000026866082640 DEOPT PACKING pc=0x0000026853524a64 sp=0x000000e4b51fd6d0
Event: 1.563 Thread 0x0000026866082640 DEOPT UNPACKING pc=0x0000026852f06da2 sp=0x000000e4b51fd668 mode 2
Event: 1.563 Thread 0x0000026866082640 Uncommon trap: trap_request=0xffffffde fr.pc=0x0000026853524a64 relative=0x0000000000000304
Event: 1.563 Thread 0x0000026866082640 Uncommon trap: reason=class_check action=maybe_recompile pc=0x0000026853524a64 method=java.util.regex.Pattern$BmpCharPropertyGreedy.match(Ljava/util/regex/Matcher;ILjava/lang/CharSequence;)Z @ 26 c2
Event: 1.563 Thread 0x0000026866082640 DEOPT PACKING pc=0x0000026853524a64 sp=0x000000e4b51fd7d0
Event: 1.563 Thread 0x0000026866082640 DEOPT UNPACKING pc=0x0000026852f06da2 sp=0x000000e4b51fd788 mode 2
Event: 1.563 Thread 0x0000026866082640 Uncommon trap: trap_request=0xffffffde fr.pc=0x0000026853524a64 relative=0x0000000000000304
Event: 1.563 Thread 0x0000026866082640 Uncommon trap: reason=class_check action=maybe_recompile pc=0x0000026853524a64 method=java.util.regex.Pattern$BmpCharPropertyGreedy.match(Ljava/util/regex/Matcher;ILjava/lang/CharSequence;)Z @ 26 c2
Event: 1.563 Thread 0x0000026866082640 DEOPT PACKING pc=0x0000026853524a64 sp=0x000000e4b51fd6d0
Event: 1.563 Thread 0x0000026866082640 DEOPT UNPACKING pc=0x0000026852f06da2 sp=0x000000e4b51fd668 mode 2

Classes loaded (20 events):
Event: 1.455 Loading class sun/util/logging/resources/logging_en_MY
Event: 1.455 Loading class sun/util/logging/resources/logging_en_MY done
Event: 1.457 Loading class java/util/Formatter$DateTime
Event: 1.457 Loading class java/util/Formatter$DateTime done
Event: 1.457 Loading class java/util/Formatter$FixedString
Event: 1.457 Loading class java/util/Formatter$FixedString done
Event: 1.457 Loading class java/time/ZonedDateTime$1
Event: 1.457 Loading class java/time/ZonedDateTime$1 done
Event: 1.461 Loading class jdk/internal/module/ModulePatcher$PatchedModuleReader
Event: 1.461 Loading class jdk/internal/module/ModulePatcher$PatchedModuleReader done
Event: 1.467 Loading class sun/util/resources/LocaleData$CommonResourceBundleProvider
Event: 1.467 Loading class sun/util/resources/LocaleData$LocaleDataResourceBundleProvider
Event: 1.467 Loading class java/util/spi/ResourceBundleProvider
Event: 1.467 Loading class java/util/spi/ResourceBundleProvider done
Event: 1.467 Loading class sun/util/resources/LocaleData$LocaleDataResourceBundleProvider done
Event: 1.467 Loading class sun/util/resources/LocaleData$CommonResourceBundleProvider done
Event: 1.469 Loading class sun/text/resources/cldr/FormatData_en
Event: 1.470 Loading class sun/text/resources/cldr/FormatData_en done
Event: 1.470 Loading class sun/util/resources/Bundles$2
Event: 1.470 Loading class sun/util/resources/Bundles$2 done

Classes unloaded (0 events):
No events

Classes redefined (0 events):
No events

Internal exceptions (20 events):
Event: 0.819 Thread 0x000002684878e5d0 Implicit null exception at 0x00000268534ac1a9 to 0x00000268534aca54
Event: 0.819 Thread 0x000002684878e5d0 Implicit null exception at 0x00000268534b059a to 0x00000268534b07a0
Event: 0.820 Thread 0x000002684878e5d0 Exception <a 'java/lang/NoSuchMethodError'{0x00000000d56f2578}: 'void java.lang.invoke.DirectMethodHandle$Holder.invokeStatic(java.lang.Object, java.lang.Object, java.lang.Object, java.lang.Object)'> (0x00000000d56f2578) 
thrown [s\src\hotspot\share\interpreter\linkResolver.cpp, line 773]
Event: 0.821 Thread 0x000002684878e5d0 Implicit null exception at 0x00000268534b589a to 0x00000268534b5aa4
Event: 0.821 Thread 0x000002684878e5d0 Implicit null exception at 0x00000268534adf3d to 0x00000268534adfc1
Event: 0.905 Thread 0x000002684878e5d0 Exception <a 'java/lang/NoSuchMethodError'{0x00000000d59d9798}: 'void java.lang.invoke.DirectMethodHandle$Holder.invokeSpecial(java.lang.Object, java.lang.Object, java.lang.Object)'> (0x00000000d59d9798) 
thrown [s\src\hotspot\share\interpreter\linkResolver.cpp, line 773]
Event: 1.085 Thread 0x000002684878e5d0 Exception <a 'java/lang/NoSuchMethodError'{0x00000000d6449660}: 'int java.lang.invoke.DirectMethodHandle$Holder.invokeVirtual(java.lang.Object, java.lang.Object)'> (0x00000000d6449660) 
thrown [s\src\hotspot\share\interpreter\linkResolver.cpp, line 773]
Event: 1.121 Thread 0x000002684878e5d0 Exception <a 'java/lang/NoSuchMethodError'{0x00000000d65bff00}: 'int java.lang.invoke.DirectMethodHandle$Holder.invokeStaticInit(java.lang.Object, java.lang.Object, java.lang.Object, java.lang.Object)'> (0x00000000d65bff00) 
thrown [s\src\hotspot\share\interpreter\linkResolver.cpp, line 773]
Event: 1.122 Thread 0x000002684878e5d0 Exception <a 'java/lang/IncompatibleClassChangeError'{0x00000000d65c8308}: Found class java.lang.Object, but interface was expected> (0x00000000d65c8308) 
thrown [s\src\hotspot\share\interpreter\linkResolver.cpp, line 840]
Event: 1.122 Thread 0x000002684878e5d0 Exception <a 'java/lang/NoSuchMethodError'{0x00000000d65ceb10}: 'void java.lang.invoke.DirectMethodHandle$Holder.invokeStaticInit(java.lang.Object, java.lang.Object)'> (0x00000000d65ceb10) 
thrown [s\src\hotspot\share\interpreter\linkResolver.cpp, line 773]
Event: 1.123 Thread 0x000002684878e5d0 Exception <a 'java/lang/NoSuchMethodError'{0x00000000d65d7cc8}: 'int java.lang.invoke.DirectMethodHandle$Holder.invokeStaticInit(java.lang.Object, java.lang.Object)'> (0x00000000d65d7cc8) 
thrown [s\src\hotspot\share\interpreter\linkResolver.cpp, line 773]
Event: 1.157 Thread 0x000002684878e5d0 Exception <a 'java/lang/NoSuchMethodError'{0x00000000d6820700}: 'java.lang.Object java.lang.invoke.DirectMethodHandle$Holder.newInvokeSpecial(java.lang.Object, int, java.lang.Object)'> (0x00000000d6820700) 
thrown [s\src\hotspot\share\interpreter\linkResolver.cpp, line 773]
Event: 1.187 Thread 0x000002684878e5d0 Exception <a 'java/lang/ClassNotFoundException'{0x00000000d6a37330}: sun/net/www/protocol/plurl/Handler> (0x00000000d6a37330) 
thrown [s\src\hotspot\share\classfile\systemDictionary.cpp, line 312]
Event: 1.187 Thread 0x000002684878e5d0 Exception <a 'java/lang/ClassNotFoundException'{0x00000000d6a381b0}: sun/net/www/protocol/plurl/Handler> (0x00000000d6a381b0) 
thrown [s\src\hotspot\share\classfile\systemDictionary.cpp, line 312]
Event: 1.331 Thread 0x000002684878e5d0 Exception <a 'java/lang/UnsatisfiedLinkError'{0x00000000d55d2168}: 'void org.eclipse.equinox.launcher.JNIBridge._update_splash()'> (0x00000000d55d2168) 
thrown [s\src\hotspot\share\prims\nativeLookup.cpp, line 415]
Event: 1.357 Thread 0x000002685f225330 Exception <a 'java/lang/NoSuchMethodError'{0x00000000d58679a0}: 'void java.lang.invoke.DirectMethodHandle$Holder.invokeInterface(java.lang.Object, java.lang.Object, java.lang.Object)'> (0x00000000d58679a0) 
thrown [s\src\hotspot\share\interpreter\linkResolver.cpp, line 773]
Event: 1.420 Thread 0x0000026866082640 Exception <a 'java/lang/NoSuchMethodError'{0x00000000d5c4dca8}: 'java.lang.Object java.lang.invoke.DirectMethodHandle$Holder.newInvokeSpecial(java.lang.Object, java.lang.Object, int, java.lang.Object)'> (0x00000000d5c4dca8) 
thrown [s\src\hotspot\share\interpreter\linkResolver.cpp, line 773]
Event: 1.420 Thread 0x0000026866082640 Exception <a 'java/lang/NoSuchMethodError'{0x00000000d5c51ad8}: 'java.lang.Object java.lang.invoke.DirectMethodHandle$Holder.invokeSpecial(java.lang.Object, java.lang.Object, java.lang.Object, int, java.lang.Object)'> (0x00000000d5c51ad8) 
thrown [s\src\hotspot\share\interpreter\linkResolver.cpp, line 773]
Event: 1.432 Thread 0x0000026866082640 Exception <a 'java/lang/NoClassDefFoundError'{0x00000000d5cf8878}: jakarta/servlet/ServletContainerInitializer> (0x00000000d5cf8878) 
thrown [s\src\hotspot\share\classfile\systemDictionary.cpp, line 301]
Event: 1.453 Thread 0x0000026866082640 Exception <a 'java/lang/ClassNotFoundException'{0x00000000d5e4cc28}: sun/util/logging/resources/spi/loggingProvider> (0x00000000d5e4cc28) 
thrown [s\src\hotspot\share\classfile\systemDictionary.cpp, line 312]

ZGC Phase Switch (0 events):
No events

VM Operations (20 events):
Event: 0.772 Executing safepoint VM operation: ParallelGCFailedAllocation (Allocation Failure)
Event: 0.779 Executing safepoint VM operation: ParallelGCFailedAllocation (Allocation Failure) done
Event: 1.140 Executing non-safepoint VM operation: HandshakeAllThreads (Deoptimize)
Event: 1.140 Executing non-safepoint VM operation: HandshakeAllThreads (Deoptimize) done
Event: 1.147 Executing non-safepoint VM operation: HandshakeAllThreads (Deoptimize)
Event: 1.147 Executing non-safepoint VM operation: HandshakeAllThreads (Deoptimize) done
Event: 1.176 Executing non-safepoint VM operation: HandshakeAllThreads (Deoptimize)
Event: 1.176 Executing non-safepoint VM operation: HandshakeAllThreads (Deoptimize) done
Event: 1.184 Executing non-safepoint VM operation: HandshakeAllThreads (Deoptimize)
Event: 1.184 Executing non-safepoint VM operation: HandshakeAllThreads (Deoptimize) done
Event: 1.314 Executing safepoint VM operation: ParallelGCFailedAllocation (Allocation Failure)
Event: 1.320 Executing safepoint VM operation: ParallelGCFailedAllocation (Allocation Failure) done
Event: 1.445 Executing non-safepoint VM operation: HandshakeAllThreads (Deoptimize)
Event: 1.445 Executing non-safepoint VM operation: HandshakeAllThreads (Deoptimize) done
Event: 1.461 Executing non-safepoint VM operation: HandshakeAllThreads (Deoptimize)
Event: 1.461 Executing non-safepoint VM operation: HandshakeAllThreads (Deoptimize) done
Event: 1.476 Executing non-safepoint VM operation: HandshakeAllThreads (Deoptimize)
Event: 1.476 Executing non-safepoint VM operation: HandshakeAllThreads (Deoptimize) done
Event: 1.484 Executing non-safepoint VM operation: HandshakeAllThreads (Deoptimize)
Event: 1.484 Executing non-safepoint VM operation: HandshakeAllThreads (Deoptimize) done

Memory protections (0 events):
No events

Nmethod flushes (0 events):
No events

Events (19 events):
Event: 0.024 Thread 0x000002684878e5d0 Thread added: 0x000002684878e5d0
Event: 0.042 Thread 0x000002684878e5d0 Thread added: 0x000002685f2191a0
Event: 0.042 Thread 0x000002684878e5d0 Thread added: 0x000002685f21d0d0
Event: 0.042 Thread 0x000002684878e5d0 Thread added: 0x000002685f226050
Event: 0.042 Thread 0x000002684878e5d0 Thread added: 0x000002685f222bd0
Event: 0.042 Thread 0x000002684878e5d0 Thread added: 0x000002685f223f80
Event: 0.043 Thread 0x000002684878e5d0 Thread added: 0x000002685f224ca0
Event: 0.043 Thread 0x000002684878e5d0 Thread added: 0x0000026860595450
Event: 0.043 Thread 0x000002684878e5d0 Thread added: 0x0000026860599510
Event: 0.113 Thread 0x000002684878e5d0 Thread added: 0x000002685f223260
Event: 0.232 Thread 0x0000026860599510 Thread added: 0x00000268608bb050
Event: 0.365 Thread 0x000002684878e5d0 Thread added: 0x000002685f224610
Event: 0.528 Thread 0x0000026860599510 Thread added: 0x00000268615b74c0
Event: 0.863 Thread 0x00000268615b74c0 Thread exited: 0x00000268615b74c0
Event: 0.948 Thread 0x0000026860599510 Thread added: 0x0000026861ab95d0
Event: 1.131 Thread 0x000002684878e5d0 Thread added: 0x000002685f2238f0
Event: 1.330 Thread 0x000002684878e5d0 Thread added: 0x000002685f225330
Event: 1.359 Thread 0x000002685f225330 Thread added: 0x000002685f2259c0
Event: 1.362 Thread 0x000002684878e5d0 Thread added: 0x0000026866082640


Dynamic libraries:
0x00007ff6f4070000 - 0x00007ff6f407e000 	c:\Users\USER\.vscode\extensions\redhat.java-1.54.0-win32-x64\jre\21.0.10-win32-x86_64\bin\java.exe
0x00007ffe77d20000 - 0x00007ffe77f87000 	C:\WINDOWS\SYSTEM32\ntdll.dll
0x00007ffe75bf0000 - 0x00007ffe75cb9000 	C:\WINDOWS\System32\KERNEL32.DLL
0x00007ffe75270000 - 0x00007ffe75664000 	C:\WINDOWS\System32\KERNELBASE.dll
0x00007ffe71e90000 - 0x00007ffe71f2f000 	C:\WINDOWS\SYSTEM32\apphelp.dll
0x00007ffe75120000 - 0x00007ffe7526b000 	C:\WINDOWS\System32\ucrtbase.dll
0x00007ffe337b0000 - 0x00007ffe337ce000 	c:\Users\USER\.vscode\extensions\redhat.java-1.54.0-win32-x64\jre\21.0.10-win32-x86_64\bin\VCRUNTIME140.dll
0x00007ffe411d0000 - 0x00007ffe411e8000 	c:\Users\USER\.vscode\extensions\redhat.java-1.54.0-win32-x64\jre\21.0.10-win32-x86_64\bin\jli.dll
0x00007ffe765f0000 - 0x00007ffe767b5000 	C:\WINDOWS\System32\USER32.dll
0x00007ffe4f900000 - 0x00007ffe4fb93000 	C:\WINDOWS\WinSxS\amd64_microsoft.windows.common-controls_6595b64144ccf1df_6.0.26100.8115_none_3e075c82e3354f9c\COMCTL32.dll
0x00007ffe75730000 - 0x00007ffe75757000 	C:\WINDOWS\System32\win32u.dll
0x00007ffe777b0000 - 0x00007ffe77859000 	C:\WINDOWS\System32\msvcrt.dll
0x00007ffe75ef0000 - 0x00007ffe75f1b000 	C:\WINDOWS\System32\GDI32.dll
0x00007ffe75810000 - 0x00007ffe7593b000 	C:\WINDOWS\System32\gdi32full.dll
0x00007ffe75760000 - 0x00007ffe75803000 	C:\WINDOWS\System32\msvcp_win.dll
0x00007ffe767c0000 - 0x00007ffe767f2000 	C:\WINDOWS\System32\IMM32.DLL
0x00007ffe52a50000 - 0x00007ffe52a5c000 	c:\Users\USER\.vscode\extensions\redhat.java-1.54.0-win32-x64\jre\21.0.10-win32-x86_64\bin\vcruntime140_1.dll
0x00007ffdd0100000 - 0x00007ffdd018d000 	c:\Users\USER\.vscode\extensions\redhat.java-1.54.0-win32-x64\jre\21.0.10-win32-x86_64\bin\msvcp140.dll
0x00007ffd8daf0000 - 0x00007ffd8e891000 	c:\Users\USER\.vscode\extensions\redhat.java-1.54.0-win32-x64\jre\21.0.10-win32-x86_64\bin\server\jvm.dll
0x00007ffe77c20000 - 0x00007ffe77cd6000 	C:\WINDOWS\System32\ADVAPI32.dll
0x00007ffe77670000 - 0x00007ffe77717000 	C:\WINDOWS\System32\sechost.dll
0x00007ffe75ab0000 - 0x00007ffe75bc8000 	C:\WINDOWS\System32\RPCRT4.dll
0x00007ffe76200000 - 0x00007ffe76280000 	C:\WINDOWS\System32\WS2_32.dll
0x00007ffe73210000 - 0x00007ffe7326e000 	C:\WINDOWS\SYSTEM32\POWRPROF.dll
0x00007ffe66910000 - 0x00007ffe66946000 	C:\WINDOWS\SYSTEM32\WINMM.dll
0x00007ffe6c8d0000 - 0x00007ffe6c8db000 	C:\WINDOWS\SYSTEM32\VERSION.dll
0x00007ffe731f0000 - 0x00007ffe73204000 	C:\WINDOWS\SYSTEM32\UMPDC.dll
0x00007ffe734a0000 - 0x00007ffe734bb000 	C:\WINDOWS\SYSTEM32\kernel.appcore.dll
0x00007ffe529b0000 - 0x00007ffe529ba000 	c:\Users\USER\.vscode\extensions\redhat.java-1.54.0-win32-x64\jre\21.0.10-win32-x86_64\bin\jimage.dll
0x00007ffe5f7d0000 - 0x00007ffe5fa12000 	C:\WINDOWS\SYSTEM32\DBGHELP.DLL
0x00007ffe77890000 - 0x00007ffe77c12000 	C:\WINDOWS\System32\combase.dll
0x00007ffe76350000 - 0x00007ffe76428000 	C:\WINDOWS\System32\OLEAUT32.dll
0x00007ffe53c10000 - 0x00007ffe53c4b000 	C:\WINDOWS\SYSTEM32\dbgcore.DLL
0x00007ffe745f0000 - 0x00007ffe74695000 	C:\WINDOWS\System32\bcryptPrimitives.dll
0x00007ffe412e0000 - 0x00007ffe412ef000 	c:\Users\USER\.vscode\extensions\redhat.java-1.54.0-win32-x64\jre\21.0.10-win32-x86_64\bin\instrument.dll
0x00007ffe19960000 - 0x00007ffe19980000 	c:\Users\USER\.vscode\extensions\redhat.java-1.54.0-win32-x64\jre\21.0.10-win32-x86_64\bin\java.dll
0x00007ffe76df0000 - 0x00007ffe77557000 	C:\WINDOWS\System32\SHELL32.dll
0x00007ffe75940000 - 0x00007ffe75aaa000 	C:\WINDOWS\System32\wintypes.dll
0x00007ffe74730000 - 0x00007ffe74f98000 	C:\WINDOWS\System32\windows.storage.dll
0x00007ffe77570000 - 0x00007ffe77668000 	C:\WINDOWS\System32\SHCORE.dll
0x00007ffe76800000 - 0x00007ffe76866000 	C:\WINDOWS\System32\shlwapi.dll
0x00007ffe74510000 - 0x00007ffe74539000 	C:\WINDOWS\SYSTEM32\profapi.dll
0x00007ffe19910000 - 0x00007ffe19928000 	c:\Users\USER\.vscode\extensions\redhat.java-1.54.0-win32-x64\jre\21.0.10-win32-x86_64\bin\zip.dll
0x00007ffe41210000 - 0x00007ffe41220000 	C:\Users\USER\.vscode\extensions\redhat.java-1.54.0-win32-x64\jre\21.0.10-win32-x86_64\bin\net.dll
0x00007ffe6c4a0000 - 0x00007ffe6c5cd000 	C:\WINDOWS\SYSTEM32\WINHTTP.dll
0x00007ffe73a10000 - 0x00007ffe73a7c000 	C:\WINDOWS\system32\mswsock.dll
0x00007ffdfff60000 - 0x00007ffdfff76000 	C:\Users\USER\.vscode\extensions\redhat.java-1.54.0-win32-x64\jre\21.0.10-win32-x86_64\bin\nio.dll
0x00007ffe36420000 - 0x00007ffe36430000 	c:\Users\USER\.vscode\extensions\redhat.java-1.54.0-win32-x64\jre\21.0.10-win32-x86_64\bin\verify.dll
0x00007ffdd4ae0000 - 0x00007ffdd4b25000 	C:\Users\USER\AppData\Roaming\Code\User\globalStorage\redhat.java\1.54.0\config_win\org.eclipse.equinox.launcher\org.eclipse.equinox.launcher.win32.win32.x86_64_1.3.0.v20260203-2149\eclipse_11919.dll
0x00007ffe76450000 - 0x00007ffe765e7000 	C:\WINDOWS\System32\ole32.dll

JVMTI agents:
c:\Users\USER\.vscode\extensions\redhat.java-1.54.0-win32-x64\lombok\lombok-1.18.39-4050.jar path:c:\Users\USER\.vscode\extensions\redhat.java-1.54.0-win32-x64\jre\21.0.10-win32-x86_64\bin\instrument.dll, loaded, initialized, instrumentlib options:none

dbghelp: loaded successfully - version: 4.0.5 - missing functions: none
symbol engine: initialized successfully - sym options: 0x614 - pdb path: .;c:\Users\USER\.vscode\extensions\redhat.java-1.54.0-win32-x64\jre\21.0.10-win32-x86_64\bin;C:\WINDOWS\SYSTEM32;C:\WINDOWS\WinSxS\amd64_microsoft.windows.common-controls_6595b64144ccf1df_6.0.26100.8115_none_3e075c82e3354f9c;c:\Users\USER\.vscode\extensions\redhat.java-1.54.0-win32-x64\jre\21.0.10-win32-x86_64\bin\server;C:\Users\USER\AppData\Roaming\Code\User\globalStorage\redhat.java\1.54.0\config_win\org.eclipse.equinox.launcher\org.eclipse.equinox.launcher.win32.win32.x86_64_1.3.0.v20260203-2149

VM Arguments:
jvm_args: --add-modules=ALL-SYSTEM --add-opens=java.base/java.util=ALL-UNNAMED --add-opens=java.base/java.lang=ALL-UNNAMED --add-opens=java.base/sun.nio.fs=ALL-UNNAMED -Declipse.application=org.eclipse.jdt.ls.core.id1 -Dosgi.bundles.defaultStartLevel=4 -Declipse.product=org.eclipse.jdt.ls.core.product -Djava.import.generatesMetadataFilesAtProjectRoot=false -DDetectVMInstallationsJob.disabled=true -Dfile.encoding=utf8 -XX:+UseParallelGC -XX:GCTimeRatio=4 -XX:AdaptiveSizePolicyWeight=90 -Dsun.zip.disableMemoryMapping=true -Xmx2G -Xms100m -Xlog:disable -javaagent:c:\Users\USER\.vscode\extensions\redhat.java-1.54.0-win32-x64\lombok\lombok-1.18.39-4050.jar -XX:+HeapDumpOnOutOfMemoryError -XX:HeapDumpPath=c:\Users\USER\AppData\Roaming\Code\User\workspaceStorage\8e79ea45fcff26f9959b2306e4c87bc1\redhat.java -Daether.dependencyCollector.impl=bf 
java_command: c:\Users\USER\.vscode\extensions\redhat.java-1.54.0-win32-x64\server\plugins\org.eclipse.equinox.launcher_1.7.100.v20251111-0406.jar -configuration c:\Users\USER\AppData\Roaming\Code\User\globalStorage\redhat.java\1.54.0\config_win -data c:\Users\USER\AppData\Roaming\Code\User\workspaceStorage\8e79ea45fcff26f9959b2306e4c87bc1\redhat.java\jdt_ws --pipe=\\.\pipe\lsp-73ae6eb13f898e123a5f1e4d41dcec41-sock
java_class_path (initial): c:\Users\USER\.vscode\extensions\redhat.java-1.54.0-win32-x64\server\plugins\org.eclipse.equinox.launcher_1.7.100.v20251111-0406.jar
Launcher Type: SUN_STANDARD

[Global flags]
    uintx AdaptiveSizePolicyWeight                 = 90                                        {product} {command line}
     intx CICompilerCount                          = 4                                         {product} {ergonomic}
    uintx GCTimeRatio                              = 4                                         {product} {command line}
     bool HeapDumpOnOutOfMemoryError               = true                                   {manageable} {command line}
    ccstr HeapDumpPath                             = c:\Users\USER\AppData\Roaming\Code\User\workspaceStorage\8e79ea45fcff26f9959b2306e4c87bc1\redhat.java         {manageable} {command line}
   size_t InitialHeapSize                          = 104857600                                 {product} {command line}
   size_t MaxHeapSize                              = 2147483648                                {product} {command line}
   size_t MaxNewSize                               = 715653120                                 {product} {ergonomic}
   size_t MinHeapDeltaBytes                        = 524288                                    {product} {ergonomic}
   size_t MinHeapSize                              = 104857600                                 {product} {command line}
   size_t NewSize                                  = 34603008                                  {product} {ergonomic}
    uintx NonNMethodCodeHeapSize                   = 5839372                                {pd product} {ergonomic}
    uintx NonProfiledCodeHeapSize                  = 122909434                              {pd product} {ergonomic}
   size_t OldSize                                  = 70254592                                  {product} {ergonomic}
    uintx ProfiledCodeHeapSize                     = 122909434                              {pd product} {ergonomic}
    uintx ReservedCodeCacheSize                    = 251658240                              {pd product} {ergonomic}
     bool SegmentedCodeCache                       = true                                      {product} {ergonomic}
   size_t SoftMaxHeapSize                          = 2147483648                             {manageable} {ergonomic}
     bool UseCompressedOops                        = true                           {product lp64_product} {ergonomic}
     bool UseLargePagesIndividualAllocation        = false                                  {pd product} {ergonomic}
     bool UseParallelGC                            = true                                      {product} {command line}

Logging:
Log output configuration:
 #0: stdout all=off uptime,level,tags foldmultilines=false
 #1: stderr all=off uptime,level,tags foldmultilines=false

Release file:
JAVA_VERSION="21.0.10" 
MODULES="java.base java.compiler java.datatransfer java.xml java.prefs java.desktop java.instrument java.logging java.management java.security.sasl java.naming java.rmi java.management.rmi java.net.http java.scripting java.security.jgss java.transaction.xa java.sql java.sql.rowset java.xml.crypto java.se java.smartcardio jdk.accessibility jdk.internal.jvmstat jdk.attach jdk.charsets jdk.internal.opt jdk.zipfs jdk.compiler jdk.crypto.ec jdk.crypto.cryptoki jdk.crypto.mscapi jdk.dynalink jdk.internal.ed jdk.editpad jdk.hotspot.agent jdk.httpserver jdk.internal.le jdk.internal.vm.ci jdk.internal.vm.compiler jdk.internal.vm.compiler.management jdk.jartool jdk.javadoc jdk.jcmd jdk.management jdk.management.agent jdk.jconsole jdk.jdeps jdk.jdwp.agent jdk.jdi jdk.jfr jdk.jshell jdk.jsobject jdk.jstatd jdk.localedata jdk.management.jfr jdk.naming.dns jdk.naming.rmi jdk.net jdk.nio.mapmode jdk.random jdk.sctp jdk.security.auth jdk.security.jgss jdk.unsupported jdk.unsupported.desktop jdk.xml.dom" 

Environment Variables:
PATH=C:\Users\USER\AppData\Local\Programs\Microsoft VS Code;C:\app\USER\product\21c\dbhomeXE\bin;C:\Program Files\Common Files\Oracle\Java\javapath;C:\windows\system32;C:\windows;C:\windows\System32\Wbem;C:\windows\System32\WindowsPowerShell\v1.0\;C:\windows\System32\OpenSSH\;C:\Program Files (x86)\NVIDIA Corporation\PhysX\Common;C:\Users\Administrator\AppData\Local\Microsoft\WindowsApps;C:\Program Files\HP\OMEN-Broadcast\Common;C:\Program Files\dotnet\;C:\WINDOWS\system32;C:\WINDOWS;C:\WINDOWS\System32\Wbem;C:\WINDOWS\System32\WindowsPowerShell\v1.0\;C:\WINDOWS\System32\OpenSSH\;C:\Program Files\NVIDIA Corporation\NVIDIA App\NvDLISR;C:\Program Files\Git\cmd;D:\nodejs\;C:\Users\USER\AppData\Local\Microsoft\WindowsApps;C:\Users\USER\AppData\Local\Programs\Microsoft VS Code\bin;C:\msys64\ucrt64\bin;C:\Users\USER\AppData\Local\JetBrains\Toolbox\scripts;C:\Users\USER\AppData\Roaming\npm;C:\Users\USER\AppData\Local\GitHubDesktop\bin
USERNAME=USER
OS=Windows_NT
PROCESSOR_IDENTIFIER=AMD64 Family 25 Model 117 Stepping 2, AuthenticAMD
TMP=C:\Users\USER\AppData\Local\Temp
TEMP=C:\Users\USER\AppData\Local\Temp




Periodic native trim disabled

---------------  S Y S T E M  ---------------

OS:
 Windows 11 , 64 bit Build 26100 (10.0.26100.8246)
OS uptime: 5 days 12:20 hours

CPU: total 12 (initial active 12) (12 cores per cpu, 2 threads per core) family 25 model 117 stepping 2 microcode 0xa70520a, cx8, cmov, fxsr, ht, mmx, 3dnowpref, sse, sse2, sse3, ssse3, sse4a, sse4.1, sse4.2, popcnt, lzcnt, tsc, tscinvbit, avx, avx2, aes, erms, clmul, bmi1, bmi2, adx, avx512f, avx512dq, avx512cd, avx512bw, avx512vl, sha, fma, vzeroupper, avx512_vpopcntdq, avx512_vpclmulqdq, avx512_vaes, avx512_vnni, clflush, clflushopt, avx512_vbmi2, avx512_vbmi, rdtscp, rdpid, fsrm, gfni, avx512_bitalg, f16c, pku, cet_ss, avx512_ifma
Processor Information for the first 12 processors :
  Max Mhz: 4301, Current Mhz: 2483, Mhz Limit: 4301

Memory: 4k page, system-wide physical 15678M (580M free)
TotalPageFile size 31661M (AvailPageFile size 24M)
current process WorkingSet (physical memory assigned to process): 110M, peak: 112M
current process commit charge ("private bytes"): 255M, peak: 256M

vm_info: OpenJDK 64-Bit Server VM (21.0.10+7-LTS) for windows-amd64 JRE (21.0.10+7-LTS), built on 2026-01-20T00:00:00Z by "admin" with MS VC++ 17.12 (VS2022)

END.
