#
# There is insufficient memory for the Java Runtime Environment to continue.
# Native memory allocation (malloc) failed to allocate 1048576 bytes. Error detail: AllocateHeap
# Possible reasons:
#   The system is out of physical RAM or swap space
#   This process is running with CompressedOops enabled, and the Java Heap may be blocking the growth of the native heap
# Possible solutions:
#   Reduce memory load on the system
#   Increase physical memory or swap space
#   Check if swap backing store is full
#   Decrease Java heap size (-Xmx/-Xms)
#   Decrease number of Java threads
#   Decrease Java thread stack sizes (-Xss)
#   Set larger code cache with -XX:ReservedCodeCacheSize=
#   JVM is running with Unscaled Compressed Oops mode in which the Java heap is
#     placed in the first 4GB address space. The Java Heap base address is the
#     maximum limit for the native heap growth. Please use -XX:HeapBaseMinAddress
#     to set the Java Heap base and to place the Java Heap above 4GB virtual address.
# This output file may be truncated or incomplete.
#
#  Out of Memory Error (allocation.cpp:44), pid=28480, tid=34508
#
# JRE version: OpenJDK Runtime Environment Temurin-21.0.10+7 (21.0.10+7) (build 21.0.10+7-LTS)
# Java VM: OpenJDK 64-Bit Server VM Temurin-21.0.10+7 (21.0.10+7-LTS, mixed mode, sharing, tiered, compressed oops, compressed class ptrs, parallel gc, windows-amd64)
# No core dump will be written. Minidumps are not enabled by default on client versions of Windows
#

---------------  S U M M A R Y ------------

Command Line: --add-modules=ALL-SYSTEM --add-opens=java.base/java.util=ALL-UNNAMED --add-opens=java.base/java.lang=ALL-UNNAMED --add-opens=java.base/sun.nio.fs=ALL-UNNAMED -Declipse.application=org.eclipse.jdt.ls.core.id1 -Dosgi.bundles.defaultStartLevel=4 -Declipse.product=org.eclipse.jdt.ls.core.product -Djava.import.generatesMetadataFilesAtProjectRoot=false -DDetectVMInstallationsJob.disabled=true -Dfile.encoding=utf8 -XX:+UseParallelGC -XX:GCTimeRatio=4 -XX:AdaptiveSizePolicyWeight=90 -Dsun.zip.disableMemoryMapping=true -Xmx2G -Xms100m -Xlog:disable -javaagent:c:\Users\USER\.vscode\extensions\redhat.java-1.54.0-win32-x64\lombok\lombok-1.18.39-4050.jar -XX:+HeapDumpOnOutOfMemoryError -XX:HeapDumpPath=c:\Users\USER\AppData\Roaming\Code\User\workspaceStorage\8e79ea45fcff26f9959b2306e4c87bc1\redhat.java -Daether.dependencyCollector.impl=bf c:\Users\USER\.vscode\extensions\redhat.java-1.54.0-win32-x64\server\plugins\org.eclipse.equinox.launcher_1.7.100.v20251111-0406.jar -configuration c:\Users\USER\AppData\Roaming\Code\User\globalStorage\redhat.java\1.54.0\config_win -data c:\Users\USER\AppData\Roaming\Code\User\workspaceStorage\8e79ea45fcff26f9959b2306e4c87bc1\redhat.java\jdt_ws --pipe=\\.\pipe\lsp-729c499fb9ea2fa769527d544e8f1e58-sock

Host: AMD Ryzen 5 8645HS w/ Radeon 760M Graphics, 12 cores, 15G,  Windows 11 , 64 bit Build 26100 (10.0.26100.8246)
Time: Sat May  2 10:44:16 2026 Malay Peninsula Standard Time elapsed time: 46281.573337 seconds (0d 12h 51m 21s)

---------------  T H R E A D  ---------------

Current thread (0x0000021d2eedf210):  JavaThread "Attach Listener" daemon [_thread_in_vm, id=34508, stack(0x000000fbdcf00000,0x000000fbdd000000) (1024K)]

Stack: [0x000000fbdcf00000,0x000000fbdd000000]
Native frames: (J=compiled Java code, j=interpreted, Vv=VM code, C=native code)
V  [jvm.dll+0x6d7a39]
V  [jvm.dll+0x8b4b26]
V  [jvm.dll+0x8b70de]
V  [jvm.dll+0x8b77c3]
V  [jvm.dll+0x284346]
V  [jvm.dll+0xc1277]
V  [jvm.dll+0x6d82e9]
V  [jvm.dll+0x1334a6]
V  [jvm.dll+0x3f857e]
V  [jvm.dll+0x85f59d]
V  [jvm.dll+0x6d626d]
C  [ucrtbase.dll+0x37b0]
C  [KERNEL32.DLL+0x2e8d7]
C  [ntdll.dll+0x8c3fc]


---------------  P R O C E S S  ---------------

Threads class SMR info:
_java_thread_list=0x0000021d992ff090, length=41, elements={
0x0000021d2ef51f50, 0x0000021d2eed9390, 0x0000021d2effdad0, 0x0000021d2eede680,
0x0000021d2eedf210, 0x0000021d2eee2030, 0x0000021d2eee58a0, 0x0000021d2eee3e10,
0x0000021d87d54e80, 0x0000021d87f34b20, 0x0000021d87ef0120, 0x0000021d8d856ce0,
0x0000021d8d7b5ba0, 0x0000021d8d70aa50, 0x0000021d8d709db0, 0x0000021d8dd0d730,
0x0000021d8deb45a0, 0x0000021d8dcb9560, 0x0000021d8dde5910, 0x0000021d8dde6cc0,
0x0000021d8dde3840, 0x0000021d8dde4560, 0x0000021d8dde3ed0, 0x0000021d8dde5280,
0x0000021d8e6eb060, 0x0000021d8e6ee4e0, 0x0000021d8e6ed7c0, 0x0000021d8e6ede50,
0x0000021d8e6ec410, 0x0000021d8e6eb6f0, 0x0000021d8e6eeb70, 0x0000021d8e6ef200,
0x0000021d8e6ebd80, 0x0000021d8e6eff20, 0x0000021d8e6ef890, 0x0000021d8e6ecaa0,
0x0000021d8e6f05b0, 0x0000021d90c5d020, 0x0000021d8e6ed130, 0x0000021d90c587f0,
0x0000021d90c5a230
}

Java Threads: ( => current thread )
  0x0000021d2ef51f50 JavaThread "main"                              [_thread_blocked, id=4660, stack(0x000000fbdc800000,0x000000fbdc900000) (1024K)]
  0x0000021d2eed9390 JavaThread "Reference Handler"          daemon [_thread_blocked, id=35048, stack(0x000000fbdcc00000,0x000000fbdcd00000) (1024K)]
  0x0000021d2effdad0 JavaThread "Finalizer"                  daemon [_thread_blocked, id=4480, stack(0x000000fbdcd00000,0x000000fbdce00000) (1024K)]
  0x0000021d2eede680 JavaThread "Signal Dispatcher"          daemon [_thread_blocked, id=25120, stack(0x000000fbdce00000,0x000000fbdcf00000) (1024K)]
=>0x0000021d2eedf210 JavaThread "Attach Listener"            daemon [_thread_in_vm, id=34508, stack(0x000000fbdcf00000,0x000000fbdd000000) (1024K)]
  0x0000021d2eee2030 JavaThread "Service Thread"             daemon [_thread_blocked, id=18496, stack(0x000000fbdd000000,0x000000fbdd100000) (1024K)]
  0x0000021d2eee58a0 JavaThread "Monitor Deflation Thread"   daemon [_thread_blocked, id=26428, stack(0x000000fbdd100000,0x000000fbdd200000) (1024K)]
  0x0000021d2eee3e10 JavaThread "C2 CompilerThread0"         daemon [_thread_blocked, id=21660, stack(0x000000fbdd200000,0x000000fbdd300000) (1024K)]
  0x0000021d87d54e80 JavaThread "C1 CompilerThread0"         daemon [_thread_blocked, id=9248, stack(0x000000fbdd300000,0x000000fbdd400000) (1024K)]
  0x0000021d87f34b20 JavaThread "Common-Cleaner"             daemon [_thread_blocked, id=30564, stack(0x000000fbdd400000,0x000000fbdd500000) (1024K)]
  0x0000021d87ef0120 JavaThread "Notification Thread"        daemon [_thread_blocked, id=34184, stack(0x000000fbdd600000,0x000000fbdd700000) (1024K)]
  0x0000021d8d856ce0 JavaThread "Active Thread: Equinox Container: fc89b9de-c467-4bca-92ee-e82f67968e29"        [_thread_blocked, id=8448, stack(0x000000fbdde00000,0x000000fbddf00000) (1024K)]
  0x0000021d8d7b5ba0 JavaThread "Refresh Thread: Equinox Container: fc89b9de-c467-4bca-92ee-e82f67968e29" daemon [_thread_blocked, id=31912, stack(0x000000fbde000000,0x000000fbde100000) (1024K)]
  0x0000021d8d70aa50 JavaThread "Framework Event Dispatcher: Equinox Container: fc89b9de-c467-4bca-92ee-e82f67968e29" daemon [_thread_blocked, id=5772, stack(0x000000fbde100000,0x000000fbde200000) (1024K)]
  0x0000021d8d709db0 JavaThread "Start Level: Equinox Container: fc89b9de-c467-4bca-92ee-e82f67968e29" daemon [_thread_blocked, id=6772, stack(0x000000fbde200000,0x000000fbde300000) (1024K)]
  0x0000021d8dd0d730 JavaThread "Bundle File Closer"         daemon [_thread_blocked, id=16612, stack(0x000000fbde500000,0x000000fbde600000) (1024K)]
  0x0000021d8deb45a0 JavaThread "SCR Component Actor"        daemon [_thread_blocked, id=15368, stack(0x000000fbdd500000,0x000000fbdd600000) (1024K)]
  0x0000021d8dcb9560 JavaThread "Worker-JM"                         [_thread_blocked, id=1988, stack(0x000000fbde700000,0x000000fbde800000) (1024K)]
  0x0000021d8dde5910 JavaThread "JNA Cleaner"                daemon [_thread_blocked, id=32668, stack(0x000000fbdd700000,0x000000fbdd800000) (1024K)]
  0x0000021d8dde6cc0 JavaThread "Java indexing"              daemon [_thread_blocked, id=25332, stack(0x000000fbdeb00000,0x000000fbdec00000) (1024K)]
  0x0000021d8dde3840 JavaThread "Worker-2"                          [_thread_blocked, id=4908, stack(0x000000fbdee00000,0x000000fbdef00000) (1024K)]
  0x0000021d8dde4560 JavaThread "Thread-1"                   daemon [_thread_in_native, id=10040, stack(0x000000fbdf000000,0x000000fbdf100000) (1024K)]
  0x0000021d8dde3ed0 JavaThread "Thread-2"                   daemon [_thread_in_native, id=10260, stack(0x000000fbdf100000,0x000000fbdf200000) (1024K)]
  0x0000021d8dde5280 JavaThread "Thread-3"                   daemon [_thread_in_native, id=4672, stack(0x000000fbdf200000,0x000000fbdf300000) (1024K)]
  0x0000021d8e6eb060 JavaThread "Thread-4"                   daemon [_thread_in_native, id=8460, stack(0x000000fbdf300000,0x000000fbdf400000) (1024K)]
  0x0000021d8e6ee4e0 JavaThread "Thread-5"                   daemon [_thread_in_native, id=30520, stack(0x000000fbdf400000,0x000000fbdf500000) (1024K)]
  0x0000021d8e6ed7c0 JavaThread "Thread-6"                   daemon [_thread_in_native, id=31736, stack(0x000000fbdf500000,0x000000fbdf600000) (1024K)]
  0x0000021d8e6ede50 JavaThread "Thread-7"                   daemon [_thread_in_native, id=30424, stack(0x000000fbdf600000,0x000000fbdf700000) (1024K)]
  0x0000021d8e6ec410 JavaThread "Thread-8"                   daemon [_thread_in_native, id=35024, stack(0x000000fbdf700000,0x000000fbdf800000) (1024K)]
  0x0000021d8e6eb6f0 JavaThread "Thread-9"                   daemon [_thread_in_native, id=2460, stack(0x000000fbdf800000,0x000000fbdf900000) (1024K)]
  0x0000021d8e6eeb70 JavaThread "Thread-10"                  daemon [_thread_in_native, id=11892, stack(0x000000fbdf900000,0x000000fbdfa00000) (1024K)]
  0x0000021d8e6ef200 JavaThread "Thread-11"                  daemon [_thread_in_native, id=30672, stack(0x000000fbdfa00000,0x000000fbdfb00000) (1024K)]
  0x0000021d8e6ebd80 JavaThread "Thread-12"                  daemon [_thread_in_native, id=33660, stack(0x000000fbdfb00000,0x000000fbdfc00000) (1024K)]
  0x0000021d8e6eff20 JavaThread "Thread-13"                  daemon [_thread_in_native, id=17804, stack(0x000000fbdfc00000,0x000000fbdfd00000) (1024K)]
  0x0000021d8e6ef890 JavaThread "pool-2-thread-1"                   [_thread_blocked, id=11340, stack(0x000000fbdfd00000,0x000000fbdfe00000) (1024K)]
  0x0000021d8e6ecaa0 JavaThread "WorkspaceEventsHandler"            [_thread_blocked, id=21548, stack(0x000000fbdfe00000,0x000000fbdff00000) (1024K)]
  0x0000021d8e6f05b0 JavaThread "pool-1-thread-1"                   [_thread_blocked, id=12744, stack(0x000000fbdff00000,0x000000fbe0000000) (1024K)]
  0x0000021d90c5d020 JavaThread "Cleaner-0"                  daemon [_thread_blocked, id=34784, stack(0x000000fbe0d00000,0x000000fbe0e00000) (1024K)]
  0x0000021d8e6ed130 JavaThread "Worker-5"                          [_thread_blocked, id=23472, stack(0x000000fbdea00000,0x000000fbdeb00000) (1024K)]
  0x0000021d90c587f0 JavaThread "ForkJoinPool.commonPool-worker-15" daemon [_thread_blocked, id=916, stack(0x000000fbdc500000,0x000000fbdc600000) (1024K)]
  0x0000021d90c5a230 JavaThread "ForkJoinPool.commonPool-worker-16" daemon [_thread_blocked, id=21404, stack(0x000000fbdc600000,0x000000fbdc700000) (1024K)]
Total: 41

Other Threads:
  0x0000021d2efe6f80 VMThread "VM Thread"                           [id=28200, stack(0x000000fbdcb00000,0x000000fbdcc00000) (1024K)]
  0x0000021d2efb73e0 WatcherThread "VM Periodic Task Thread"        [id=11628, stack(0x000000fbdca00000,0x000000fbdcb00000) (1024K)]
  0x0000021d2ef6a3f0 WorkerThread "GC Thread#0"                     [id=26264, stack(0x000000fbdc900000,0x000000fbdca00000) (1024K)]
  0x0000021d8d227520 WorkerThread "GC Thread#1"                     [id=35164, stack(0x000000fbdd800000,0x000000fbdd900000) (1024K)]
  0x0000021d8d2278d0 WorkerThread "GC Thread#2"                     [id=12088, stack(0x000000fbdd900000,0x000000fbdda00000) (1024K)]
  0x0000021d8d227170 WorkerThread "GC Thread#3"                     [id=20932, stack(0x000000fbdda00000,0x000000fbddb00000) (1024K)]
  0x0000021d8d228030 WorkerThread "GC Thread#4"                     [id=13432, stack(0x000000fbddb00000,0x000000fbddc00000) (1024K)]
  0x0000021d8d226660 WorkerThread "GC Thread#5"                     [id=18244, stack(0x000000fbddc00000,0x000000fbddd00000) (1024K)]
  0x0000021d8d226a10 WorkerThread "GC Thread#6"                     [id=9468, stack(0x000000fbddd00000,0x000000fbdde00000) (1024K)]
  0x0000021d8d226dc0 WorkerThread "GC Thread#7"                     [id=31816, stack(0x000000fbddf00000,0x000000fbde000000) (1024K)]
  0x0000021d8dcc6fc0 WorkerThread "GC Thread#8"                     [id=31956, stack(0x000000fbde300000,0x000000fbde400000) (1024K)]
  0x0000021d8dcc55f0 WorkerThread "GC Thread#9"                     [id=29920, stack(0x000000fbde400000,0x000000fbde500000) (1024K)]
Total: 12

Threads with active compile tasks:
Total: 0

VM state: not at safepoint (normal execution)

VM Mutex/Monitor currently owned by a thread: None

Heap address: 0x0000000080000000, size: 2048 MB, Compressed Oops mode: 32-bit

CDS archive(s) mapped at: [0x0000021d46000000-0x0000021d46ba0000-0x0000021d46ba0000), size 12189696, SharedBaseAddress: 0x0000021d46000000, ArchiveRelocationMode: 1.
Compressed class space mapped at: 0x0000021d47000000-0x0000021d87000000, reserved size: 1073741824
Narrow klass base: 0x0000021d46000000, Narrow klass shift: 0, Narrow klass range: 0x100000000

GC Precious Log:
 CardTable entry size: 512
 CPUs: 12 total, 12 available
 Memory: 15678M
 Large Page Support: Disabled
 NUMA Support: Disabled
 Compressed Oops: Enabled (32-bit)
 Alignments: Space 512K, Generation 512K, Heap 2M
 Heap Min Capacity: 100M
 Heap Initial Capacity: 100M
 Heap Max Capacity: 2G
 Pre-touch: Disabled
 Parallel Workers: 10

Heap:
 PSYoungGen      total 7168K, used 1994K [0x00000000d5580000, 0x00000000d6000000, 0x0000000100000000)
  eden space 6144K, 27% used [0x00000000d5580000,0x00000000d5725090,0x00000000d5b80000)
  from space 1024K, 30% used [0x00000000d5e00000,0x00000000d5e4daa8,0x00000000d5f00000)
  to   space 512K, 0% used [0x00000000d5f80000,0x00000000d5f80000,0x00000000d6000000)
 ParOldGen       total 97792K, used 97712K [0x0000000080000000, 0x0000000085f80000, 0x00000000d5580000)
  object space 97792K, 99% used [0x0000000080000000,0x0000000085f6c268,0x0000000085f80000)
 Metaspace       used 74074K, committed 75776K, reserved 1179648K
  class space    used 7738K, committed 8448K, reserved 1048576K

Card table byte_map: [0x0000021d2e8e0000,0x0000021d2ecf0000] _byte_map_base: 0x0000021d2e4e0000

Marking Bits: (ParMarkBitMap*) 0x00007ffd8ca23450
 Begin Bits: [0x0000021d413f0000, 0x0000021d433f0000)
 End Bits:   [0x0000021d433f0000, 0x0000021d453f0000)

Polling page: 0x0000021d2cce0000

Metaspace:

Usage:
  Non-class:     64.78 MB used.
      Class:      7.56 MB used.
       Both:     72.34 MB used.

Virtual space:
  Non-class space:      128.00 MB reserved,      65.75 MB ( 51%) committed,  2 nodes.
      Class space:        1.00 GB reserved,       8.25 MB ( <1%) committed,  1 nodes.
             Both:        1.12 GB reserved,      74.00 MB (  6%) committed. 

Chunk freelists:
   Non-Class:  13.95 MB
       Class:  7.75 MB
        Both:  21.70 MB

MaxMetaspaceSize: unlimited
CompressedClassSpaceSize: 1.00 GB
Initial GC threshold: 21.00 MB
Current GC threshold: 97.31 MB
CDS: on
 - commit_granule_bytes: 65536.
 - commit_granule_words: 8192.
 - virtual_space_node_default_size: 8388608.
 - enlarge_chunks_in_place: 1.
 - use_allocation_guard: 0.


Internal statistics:

num_allocs_failed_limit: 9.
num_arena_births: 1288.
num_arena_deaths: 14.
num_vsnodes_births: 3.
num_vsnodes_deaths: 0.
num_space_committed: 1184.
num_space_uncommitted: 0.
num_chunks_returned_to_freelist: 23.
num_chunks_taken_from_freelist: 4789.
num_chunk_merges: 15.
num_chunk_splits: 3018.
num_chunks_enlarged: 1820.
num_inconsistent_stats: 0.

CodeHeap 'non-profiled nmethods': size=120000Kb used=11918Kb max_used=11918Kb free=108082Kb
 bounds [0x0000021d39c10000, 0x0000021d3a7c0000, 0x0000021d41140000]
CodeHeap 'profiled nmethods': size=120000Kb used=31526Kb max_used=31526Kb free=88473Kb
 bounds [0x0000021d32140000, 0x0000021d34010000, 0x0000021d39670000]
CodeHeap 'non-nmethods': size=5760Kb used=1479Kb max_used=1554Kb free=4280Kb
 bounds [0x0000021d39670000, 0x0000021d398e0000, 0x0000021d39c10000]
CodeCache: size=245760Kb, used=44923Kb, max_used=44998Kb, free=200835Kb
 total_blobs=13689, nmethods=12905, adapters=687, full_count=0
Compilation: enabled, stopped_count=0, restarted_count=0

Compilation events (20 events):
Event: 46272.814 Thread 0x0000021d87d54e80 nmethod 13657 0x0000021d34001d90 code [0x0000021d340021e0, 0x0000021d34004338]
Event: 46272.814 Thread 0x0000021d87d54e80 13659       3       org.eclipse.text.edits.MultiTextEdit::covers (15 bytes)
Event: 46272.814 Thread 0x0000021d2eee3e10 nmethod 13660 0x0000021d3a7b3210 code [0x0000021d3a7b33a0, 0x0000021d3a7b3450]
Event: 46272.814 Thread 0x0000021d87d54e80 nmethod 13659 0x0000021d34005190 code [0x0000021d34005340, 0x0000021d340054e8]
Event: 46272.814 Thread 0x0000021d87d54e80 13658       3       org.eclipse.jdt.core.dom.Block::internalGetChildListProperty (18 bytes)
Event: 46272.814 Thread 0x0000021d87d54e80 nmethod 13658 0x0000021d34005590 code [0x0000021d34005780, 0x0000021d34005b40]
Event: 46272.815 Thread 0x0000021d87d54e80 13661       3       org.eclipse.jdt.internal.compiler.ast.MethodDeclaration::parseStatements (7 bytes)
Event: 46272.815 Thread 0x0000021d87d54e80 nmethod 13661 0x0000021d34005d10 code [0x0000021d34005ec0, 0x0000021d34006098]
Event: 46272.815 Thread 0x0000021d87d54e80 13662       3       java.util.LinkedList::unlinkFirst (64 bytes)
Event: 46272.815 Thread 0x0000021d87d54e80 nmethod 13662 0x0000021d34006190 code [0x0000021d34006340, 0x0000021d34006530]
Event: 46272.815 Thread 0x0000021d87d54e80 13663       1       org.eclipse.jdt.core.dom.CompilationUnit::getCommentList (5 bytes)
Event: 46272.815 Thread 0x0000021d87d54e80 nmethod 13663 0x0000021d3a7b3510 code [0x0000021d3a7b36a0, 0x0000021d3a7b3768]
Event: 46272.815 Thread 0x0000021d87d54e80 13664       3       org.eclipse.core.internal.registry.ExtensionPointHandle::<init> (7 bytes)
Event: 46272.816 Thread 0x0000021d87d54e80 nmethod 13664 0x0000021d34006610 code [0x0000021d340067c0, 0x0000021d34006a08]
Event: 46272.816 Thread 0x0000021d87d54e80 13665       3       org.eclipse.core.internal.registry.BaseExtensionPointHandle::<init> (7 bytes)
Event: 46272.816 Thread 0x0000021d87d54e80 nmethod 13665 0x0000021d34006b10 code [0x0000021d34006cc0, 0x0000021d34006ea8]
Event: 46272.816 Thread 0x0000021d87d54e80 13666       3       org.eclipse.jdt.ls.core.internal.handlers.CodeActionHandler$$Lambda/0x0000021d4770b6d8::accept (16 bytes)
Event: 46272.816 Thread 0x0000021d87d54e80 nmethod 13666 0x0000021d34006f90 code [0x0000021d34007140, 0x0000021d34007380]
Event: 46272.816 Thread 0x0000021d87d54e80 13667       3       org.eclipse.jdt.ls.core.internal.handlers.CodeActionHandler::lambda$2 (183 bytes)
Event: 46272.817 Thread 0x0000021d87d54e80 nmethod 13667 0x0000021d34007490 code [0x0000021d340077c0, 0x0000021d34009268]

GC Heap History (20 events):
Event: 3119.713 GC heap before
{Heap before GC invocations=91 (full 3):
 PSYoungGen      total 6656K, used 6400K [0x00000000d5580000, 0x00000000d6000000, 0x0000000100000000)
  eden space 6144K, 100% used [0x00000000d5580000,0x00000000d5b80000,0x00000000d5b80000)
  from space 512K, 50% used [0x00000000d5f00000,0x00000000d5f40000,0x00000000d5f80000)
  to   space 512K, 0% used [0x00000000d5f80000,0x00000000d5f80000,0x00000000d6000000)
 ParOldGen       total 97792K, used 97312K [0x0000000080000000, 0x0000000085f80000, 0x00000000d5580000)
  object space 97792K, 99% used [0x0000000080000000,0x0000000085f08268,0x0000000085f80000)
 Metaspace       used 73722K, committed 75392K, reserved 1179648K
  class space    used 7733K, committed 8448K, reserved 1048576K
}
Event: 3119.714 GC heap after
{Heap after GC invocations=91 (full 3):
 PSYoungGen      total 6656K, used 342K [0x00000000d5580000, 0x00000000d6000000, 0x0000000100000000)
  eden space 6144K, 0% used [0x00000000d5580000,0x00000000d5580000,0x00000000d5b80000)
  from space 512K, 66% used [0x00000000d5f80000,0x00000000d5fd5a88,0x00000000d6000000)
  to   space 512K, 0% used [0x00000000d5f00000,0x00000000d5f00000,0x00000000d5f80000)
 ParOldGen       total 97792K, used 97368K [0x0000000080000000, 0x0000000085f80000, 0x00000000d5580000)
  object space 97792K, 99% used [0x0000000080000000,0x0000000085f16268,0x0000000085f80000)
 Metaspace       used 73722K, committed 75392K, reserved 1179648K
  class space    used 7733K, committed 8448K, reserved 1048576K
}
Event: 3119.839 GC heap before
{Heap before GC invocations=92 (full 3):
 PSYoungGen      total 6656K, used 6486K [0x00000000d5580000, 0x00000000d6000000, 0x0000000100000000)
  eden space 6144K, 100% used [0x00000000d5580000,0x00000000d5b80000,0x00000000d5b80000)
  from space 512K, 66% used [0x00000000d5f80000,0x00000000d5fd5a88,0x00000000d6000000)
  to   space 512K, 0% used [0x00000000d5f00000,0x00000000d5f00000,0x00000000d5f80000)
 ParOldGen       total 97792K, used 97368K [0x0000000080000000, 0x0000000085f80000, 0x00000000d5580000)
  object space 97792K, 99% used [0x0000000080000000,0x0000000085f16268,0x0000000085f80000)
 Metaspace       used 73802K, committed 75456K, reserved 1179648K
  class space    used 7738K, committed 8448K, reserved 1048576K
}
Event: 3119.839 GC heap after
{Heap after GC invocations=92 (full 3):
 PSYoungGen      total 6656K, used 320K [0x00000000d5580000, 0x00000000d6000000, 0x0000000100000000)
  eden space 6144K, 0% used [0x00000000d5580000,0x00000000d5580000,0x00000000d5b80000)
  from space 512K, 62% used [0x00000000d5f00000,0x00000000d5f50000,0x00000000d5f80000)
  to   space 512K, 0% used [0x00000000d5f80000,0x00000000d5f80000,0x00000000d6000000)
 ParOldGen       total 97792K, used 97440K [0x0000000080000000, 0x0000000085f80000, 0x00000000d5580000)
  object space 97792K, 99% used [0x0000000080000000,0x0000000085f28268,0x0000000085f80000)
 Metaspace       used 73802K, committed 75456K, reserved 1179648K
  class space    used 7738K, committed 8448K, reserved 1048576K
}
Event: 3120.631 GC heap before
{Heap before GC invocations=93 (full 3):
 PSYoungGen      total 6656K, used 6464K [0x00000000d5580000, 0x00000000d6000000, 0x0000000100000000)
  eden space 6144K, 100% used [0x00000000d5580000,0x00000000d5b80000,0x00000000d5b80000)
  from space 512K, 62% used [0x00000000d5f00000,0x00000000d5f50000,0x00000000d5f80000)
  to   space 512K, 0% used [0x00000000d5f80000,0x00000000d5f80000,0x00000000d6000000)
 ParOldGen       total 97792K, used 97440K [0x0000000080000000, 0x0000000085f80000, 0x00000000d5580000)
  object space 97792K, 99% used [0x0000000080000000,0x0000000085f28268,0x0000000085f80000)
 Metaspace       used 73858K, committed 75520K, reserved 1179648K
  class space    used 7738K, committed 8448K, reserved 1048576K
}
Event: 3120.632 GC heap after
{Heap after GC invocations=93 (full 3):
 PSYoungGen      total 6656K, used 224K [0x00000000d5580000, 0x00000000d6000000, 0x0000000100000000)
  eden space 6144K, 0% used [0x00000000d5580000,0x00000000d5580000,0x00000000d5b80000)
  from space 512K, 43% used [0x00000000d5f80000,0x00000000d5fb8000,0x00000000d6000000)
  to   space 512K, 0% used [0x00000000d5f00000,0x00000000d5f00000,0x00000000d5f80000)
 ParOldGen       total 97792K, used 97504K [0x0000000080000000, 0x0000000085f80000, 0x00000000d5580000)
  object space 97792K, 99% used [0x0000000080000000,0x0000000085f38268,0x0000000085f80000)
 Metaspace       used 73858K, committed 75520K, reserved 1179648K
  class space    used 7738K, committed 8448K, reserved 1048576K
}
Event: 3124.766 GC heap before
{Heap before GC invocations=94 (full 3):
 PSYoungGen      total 6656K, used 6368K [0x00000000d5580000, 0x00000000d6000000, 0x0000000100000000)
  eden space 6144K, 100% used [0x00000000d5580000,0x00000000d5b80000,0x00000000d5b80000)
  from space 512K, 43% used [0x00000000d5f80000,0x00000000d5fb8000,0x00000000d6000000)
  to   space 512K, 0% used [0x00000000d5f00000,0x00000000d5f00000,0x00000000d5f80000)
 ParOldGen       total 97792K, used 97504K [0x0000000080000000, 0x0000000085f80000, 0x00000000d5580000)
  object space 97792K, 99% used [0x0000000080000000,0x0000000085f38268,0x0000000085f80000)
 Metaspace       used 73932K, committed 75584K, reserved 1179648K
  class space    used 7738K, committed 8448K, reserved 1048576K
}
Event: 3124.767 GC heap after
{Heap after GC invocations=94 (full 3):
 PSYoungGen      total 6656K, used 160K [0x00000000d5580000, 0x00000000d6000000, 0x0000000100000000)
  eden space 6144K, 0% used [0x00000000d5580000,0x00000000d5580000,0x00000000d5b80000)
  from space 512K, 31% used [0x00000000d5f00000,0x00000000d5f28000,0x00000000d5f80000)
  to   space 512K, 0% used [0x00000000d5f80000,0x00000000d5f80000,0x00000000d6000000)
 ParOldGen       total 97792K, used 97560K [0x0000000080000000, 0x0000000085f80000, 0x00000000d5580000)
  object space 97792K, 99% used [0x0000000080000000,0x0000000085f46268,0x0000000085f80000)
 Metaspace       used 73932K, committed 75584K, reserved 1179648K
  class space    used 7738K, committed 8448K, reserved 1048576K
}
Event: 3126.973 GC heap before
{Heap before GC invocations=95 (full 3):
 PSYoungGen      total 6656K, used 6304K [0x00000000d5580000, 0x00000000d6000000, 0x0000000100000000)
  eden space 6144K, 100% used [0x00000000d5580000,0x00000000d5b80000,0x00000000d5b80000)
  from space 512K, 31% used [0x00000000d5f00000,0x00000000d5f28000,0x00000000d5f80000)
  to   space 512K, 0% used [0x00000000d5f80000,0x00000000d5f80000,0x00000000d6000000)
 ParOldGen       total 97792K, used 97560K [0x0000000080000000, 0x0000000085f80000, 0x00000000d5580000)
  object space 97792K, 99% used [0x0000000080000000,0x0000000085f46268,0x0000000085f80000)
 Metaspace       used 73932K, committed 75584K, reserved 1179648K
  class space    used 7738K, committed 8448K, reserved 1048576K
}
Event: 3126.973 GC heap after
{Heap after GC invocations=95 (full 3):
 PSYoungGen      total 6656K, used 192K [0x00000000d5580000, 0x00000000d6000000, 0x0000000100000000)
  eden space 6144K, 0% used [0x00000000d5580000,0x00000000d5580000,0x00000000d5b80000)
  from space 512K, 37% used [0x00000000d5f80000,0x00000000d5fb0000,0x00000000d6000000)
  to   space 512K, 0% used [0x00000000d5f00000,0x00000000d5f00000,0x00000000d5f80000)
 ParOldGen       total 97792K, used 97624K [0x0000000080000000, 0x0000000085f80000, 0x00000000d5580000)
  object space 97792K, 99% used [0x0000000080000000,0x0000000085f56268,0x0000000085f80000)
 Metaspace       used 73932K, committed 75584K, reserved 1179648K
  class space    used 7738K, committed 8448K, reserved 1048576K
}
Event: 3128.164 GC heap before
{Heap before GC invocations=96 (full 3):
 PSYoungGen      total 6656K, used 6336K [0x00000000d5580000, 0x00000000d6000000, 0x0000000100000000)
  eden space 6144K, 100% used [0x00000000d5580000,0x00000000d5b80000,0x00000000d5b80000)
  from space 512K, 37% used [0x00000000d5f80000,0x00000000d5fb0000,0x00000000d6000000)
  to   space 512K, 0% used [0x00000000d5f00000,0x00000000d5f00000,0x00000000d5f80000)
 ParOldGen       total 97792K, used 97624K [0x0000000080000000, 0x0000000085f80000, 0x00000000d5580000)
  object space 97792K, 99% used [0x0000000080000000,0x0000000085f56268,0x0000000085f80000)
 Metaspace       used 73932K, committed 75584K, reserved 1179648K
  class space    used 7738K, committed 8448K, reserved 1048576K
}
Event: 3128.165 GC heap after
{Heap after GC invocations=96 (full 3):
 PSYoungGen      total 6656K, used 224K [0x00000000d5580000, 0x00000000d6000000, 0x0000000100000000)
  eden space 6144K, 0% used [0x00000000d5580000,0x00000000d5580000,0x00000000d5b80000)
  from space 512K, 43% used [0x00000000d5f00000,0x00000000d5f38000,0x00000000d5f80000)
  to   space 512K, 0% used [0x00000000d5f80000,0x00000000d5f80000,0x00000000d6000000)
 ParOldGen       total 97792K, used 97640K [0x0000000080000000, 0x0000000085f80000, 0x00000000d5580000)
  object space 97792K, 99% used [0x0000000080000000,0x0000000085f5a268,0x0000000085f80000)
 Metaspace       used 73932K, committed 75584K, reserved 1179648K
  class space    used 7738K, committed 8448K, reserved 1048576K
}
Event: 3129.525 GC heap before
{Heap before GC invocations=97 (full 3):
 PSYoungGen      total 6656K, used 6368K [0x00000000d5580000, 0x00000000d6000000, 0x0000000100000000)
  eden space 6144K, 100% used [0x00000000d5580000,0x00000000d5b80000,0x00000000d5b80000)
  from space 512K, 43% used [0x00000000d5f00000,0x00000000d5f38000,0x00000000d5f80000)
  to   space 512K, 0% used [0x00000000d5f80000,0x00000000d5f80000,0x00000000d6000000)
 ParOldGen       total 97792K, used 97640K [0x0000000080000000, 0x0000000085f80000, 0x00000000d5580000)
  object space 97792K, 99% used [0x0000000080000000,0x0000000085f5a268,0x0000000085f80000)
 Metaspace       used 73934K, committed 75584K, reserved 1179648K
  class space    used 7738K, committed 8448K, reserved 1048576K
}
Event: 3129.526 GC heap after
{Heap after GC invocations=97 (full 3):
 PSYoungGen      total 6656K, used 160K [0x00000000d5580000, 0x00000000d6000000, 0x0000000100000000)
  eden space 6144K, 0% used [0x00000000d5580000,0x00000000d5580000,0x00000000d5b80000)
  from space 512K, 31% used [0x00000000d5f80000,0x00000000d5fa8000,0x00000000d6000000)
  to   space 512K, 0% used [0x00000000d5f00000,0x00000000d5f00000,0x00000000d5f80000)
 ParOldGen       total 97792K, used 97656K [0x0000000080000000, 0x0000000085f80000, 0x00000000d5580000)
  object space 97792K, 99% used [0x0000000080000000,0x0000000085f5e268,0x0000000085f80000)
 Metaspace       used 73934K, committed 75584K, reserved 1179648K
  class space    used 7738K, committed 8448K, reserved 1048576K
}
Event: 3130.868 GC heap before
{Heap before GC invocations=98 (full 3):
 PSYoungGen      total 6656K, used 6304K [0x00000000d5580000, 0x00000000d6000000, 0x0000000100000000)
  eden space 6144K, 100% used [0x00000000d5580000,0x00000000d5b80000,0x00000000d5b80000)
  from space 512K, 31% used [0x00000000d5f80000,0x00000000d5fa8000,0x00000000d6000000)
  to   space 512K, 0% used [0x00000000d5f00000,0x00000000d5f00000,0x00000000d5f80000)
 ParOldGen       total 97792K, used 97656K [0x0000000080000000, 0x0000000085f80000, 0x00000000d5580000)
  object space 97792K, 99% used [0x0000000080000000,0x0000000085f5e268,0x0000000085f80000)
 Metaspace       used 73939K, committed 75584K, reserved 1179648K
  class space    used 7738K, committed 8448K, reserved 1048576K
}
Event: 3130.869 GC heap after
{Heap after GC invocations=98 (full 3):
 PSYoungGen      total 6656K, used 128K [0x00000000d5580000, 0x00000000d6000000, 0x0000000100000000)
  eden space 6144K, 0% used [0x00000000d5580000,0x00000000d5580000,0x00000000d5b80000)
  from space 512K, 25% used [0x00000000d5f00000,0x00000000d5f20000,0x00000000d5f80000)
  to   space 512K, 0% used [0x00000000d5f80000,0x00000000d5f80000,0x00000000d6000000)
 ParOldGen       total 97792K, used 97672K [0x0000000080000000, 0x0000000085f80000, 0x00000000d5580000)
  object space 97792K, 99% used [0x0000000080000000,0x0000000085f62268,0x0000000085f80000)
 Metaspace       used 73939K, committed 75584K, reserved 1179648K
  class space    used 7738K, committed 8448K, reserved 1048576K
}
Event: 34244.801 GC heap before
{Heap before GC invocations=99 (full 3):
 PSYoungGen      total 6656K, used 6272K [0x00000000d5580000, 0x00000000d6000000, 0x0000000100000000)
  eden space 6144K, 100% used [0x00000000d5580000,0x00000000d5b80000,0x00000000d5b80000)
  from space 512K, 25% used [0x00000000d5f00000,0x00000000d5f20000,0x00000000d5f80000)
  to   space 512K, 0% used [0x00000000d5f80000,0x00000000d5f80000,0x00000000d6000000)
 ParOldGen       total 97792K, used 97672K [0x0000000080000000, 0x0000000085f80000, 0x00000000d5580000)
  object space 97792K, 99% used [0x0000000080000000,0x0000000085f62268,0x0000000085f80000)
 Metaspace       used 74037K, committed 75648K, reserved 1179648K
  class space    used 7738K, committed 8448K, reserved 1048576K
}
Event: 34244.804 GC heap after
{Heap after GC invocations=99 (full 3):
 PSYoungGen      total 6656K, used 480K [0x00000000d5580000, 0x00000000d6000000, 0x0000000100000000)
  eden space 6144K, 0% used [0x00000000d5580000,0x00000000d5580000,0x00000000d5b80000)
  from space 512K, 93% used [0x00000000d5f80000,0x00000000d5ff8020,0x00000000d6000000)
  to   space 1024K, 0% used [0x00000000d5e00000,0x00000000d5e00000,0x00000000d5f00000)
 ParOldGen       total 97792K, used 97688K [0x0000000080000000, 0x0000000085f80000, 0x00000000d5580000)
  object space 97792K, 99% used [0x0000000080000000,0x0000000085f66268,0x0000000085f80000)
 Metaspace       used 74037K, committed 75648K, reserved 1179648K
  class space    used 7738K, committed 8448K, reserved 1048576K
}
Event: 46272.805 GC heap before
{Heap before GC invocations=100 (full 3):
 PSYoungGen      total 6656K, used 6624K [0x00000000d5580000, 0x00000000d6000000, 0x0000000100000000)
  eden space 6144K, 100% used [0x00000000d5580000,0x00000000d5b80000,0x00000000d5b80000)
  from space 512K, 93% used [0x00000000d5f80000,0x00000000d5ff8020,0x00000000d6000000)
  to   space 1024K, 0% used [0x00000000d5e00000,0x00000000d5e00000,0x00000000d5f00000)
 ParOldGen       total 97792K, used 97688K [0x0000000080000000, 0x0000000085f80000, 0x00000000d5580000)
  object space 97792K, 99% used [0x0000000080000000,0x0000000085f66268,0x0000000085f80000)
 Metaspace       used 74058K, committed 75776K, reserved 1179648K
  class space    used 7738K, committed 8448K, reserved 1048576K
}
Event: 46272.807 GC heap after
{Heap after GC invocations=100 (full 3):
 PSYoungGen      total 7168K, used 310K [0x00000000d5580000, 0x00000000d6000000, 0x0000000100000000)
  eden space 6144K, 0% used [0x00000000d5580000,0x00000000d5580000,0x00000000d5b80000)
  from space 1024K, 30% used [0x00000000d5e00000,0x00000000d5e4daa8,0x00000000d5f00000)
  to   space 512K, 0% used [0x00000000d5f80000,0x00000000d5f80000,0x00000000d6000000)
 ParOldGen       total 97792K, used 97712K [0x0000000080000000, 0x0000000085f80000, 0x00000000d5580000)
  object space 97792K, 99% used [0x0000000080000000,0x0000000085f6c268,0x0000000085f80000)
 Metaspace       used 74058K, committed 75776K, reserved 1179648K
  class space    used 7738K, committed 8448K, reserved 1048576K
}

Dll operation events (10 events):
Event: 0.018 Loaded shared library c:\Users\USER\.vscode\extensions\redhat.java-1.54.0-win32-x64\jre\21.0.10-win32-x86_64\bin\java.dll
Event: 0.140 Loaded shared library c:\Users\USER\.vscode\extensions\redhat.java-1.54.0-win32-x64\jre\21.0.10-win32-x86_64\bin\zip.dll
Event: 0.171 Loaded shared library C:\Users\USER\.vscode\extensions\redhat.java-1.54.0-win32-x64\jre\21.0.10-win32-x86_64\bin\instrument.dll
Event: 0.179 Loaded shared library C:\Users\USER\.vscode\extensions\redhat.java-1.54.0-win32-x64\jre\21.0.10-win32-x86_64\bin\net.dll
Event: 0.183 Loaded shared library C:\Users\USER\.vscode\extensions\redhat.java-1.54.0-win32-x64\jre\21.0.10-win32-x86_64\bin\nio.dll
Event: 0.188 Loaded shared library C:\Users\USER\.vscode\extensions\redhat.java-1.54.0-win32-x64\jre\21.0.10-win32-x86_64\bin\zip.dll
Event: 0.273 Loaded shared library C:\Users\USER\.vscode\extensions\redhat.java-1.54.0-win32-x64\jre\21.0.10-win32-x86_64\bin\jimage.dll
Event: 0.394 Loaded shared library c:\Users\USER\.vscode\extensions\redhat.java-1.54.0-win32-x64\jre\21.0.10-win32-x86_64\bin\verify.dll
Event: 2.011 Loaded shared library C:\Users\USER\AppData\Roaming\Code\User\globalStorage\redhat.java\1.54.0\config_win\org.eclipse.equinox.launcher\org.eclipse.equinox.launcher.win32.win32.x86_64_1.3.0.v20260203-2149\eclipse_11919.dll
Event: 6.318 Loaded shared library C:\Users\USER\AppData\Local\Temp\jna-2614219\jna7042801207592014726.dll

Deoptimization events (20 events):
Event: 34244.812 Thread 0x0000021d90c59510 DEOPT PACKING pc=0x0000021d3a603154 sp=0x000000fbdc5fe200
Event: 34244.812 Thread 0x0000021d90c59510 DEOPT UNPACKING pc=0x0000021d396c6da2 sp=0x000000fbdc5fe130 mode 2
Event: 34244.818 Thread 0x0000021d90c59510 DEOPT PACKING pc=0x0000021d33acbb33 sp=0x000000fbdc5fe5c0
Event: 34244.818 Thread 0x0000021d90c59510 DEOPT UNPACKING pc=0x0000021d396c78e2 sp=0x000000fbdc5fdb28 mode 0
Event: 34244.818 Thread 0x0000021d90c59510 Uncommon trap: trap_request=0xffffffde fr.pc=0x0000021d3a5bba28 relative=0x0000000000001688
Event: 34244.818 Thread 0x0000021d90c59510 Uncommon trap: reason=class_check action=maybe_recompile pc=0x0000021d3a5bba28 method=org.eclipse.jdt.internal.compiler.parser.Parser.consumeToken(Lorg/eclipse/jdt/internal/compiler/parser/TerminalToken;)V @ 1446 c2
Event: 34244.818 Thread 0x0000021d90c59510 DEOPT PACKING pc=0x0000021d3a5bba28 sp=0x000000fbdc5fe4e0
Event: 34244.818 Thread 0x0000021d90c59510 DEOPT UNPACKING pc=0x0000021d396c6da2 sp=0x000000fbdc5fe450 mode 2
Event: 39539.563 Thread 0x0000021d8e6ef890 Uncommon trap: trap_request=0xffffffd6 fr.pc=0x0000021d3a7ac340 relative=0x0000000000000300
Event: 39539.564 Thread 0x0000021d8e6ef890 Uncommon trap: reason=array_check action=maybe_recompile pc=0x0000021d3a7ac340 method=java.util.concurrent.ScheduledThreadPoolExecutor$DelayedWorkQueue.offer(Ljava/lang/Runnable;)Z @ 65 c2
Event: 39539.564 Thread 0x0000021d8e6ef890 DEOPT PACKING pc=0x0000021d3a7ac340 sp=0x000000fbdfdff2b0
Event: 39539.564 Thread 0x0000021d8e6ef890 DEOPT UNPACKING pc=0x0000021d396c6da2 sp=0x000000fbdfdff150 mode 2
Event: 39549.572 Thread 0x0000021d8e6ef890 Uncommon trap: trap_request=0xffffffd6 fr.pc=0x0000021d3a7ac340 relative=0x0000000000000300
Event: 39549.572 Thread 0x0000021d8e6ef890 Uncommon trap: reason=array_check action=maybe_recompile pc=0x0000021d3a7ac340 method=java.util.concurrent.ScheduledThreadPoolExecutor$DelayedWorkQueue.offer(Ljava/lang/Runnable;)Z @ 65 c2
Event: 39549.572 Thread 0x0000021d8e6ef890 DEOPT PACKING pc=0x0000021d3a7ac340 sp=0x000000fbdfdff2b0
Event: 39549.572 Thread 0x0000021d8e6ef890 DEOPT UNPACKING pc=0x0000021d396c6da2 sp=0x000000fbdfdff150 mode 2
Event: 39551.972 Thread 0x0000021d8d856ce0 Uncommon trap: trap_request=0xffffffd6 fr.pc=0x0000021d3a7ac340 relative=0x0000000000000300
Event: 39551.972 Thread 0x0000021d8d856ce0 Uncommon trap: reason=array_check action=maybe_recompile pc=0x0000021d3a7ac340 method=java.util.concurrent.ScheduledThreadPoolExecutor$DelayedWorkQueue.offer(Ljava/lang/Runnable;)Z @ 65 c2
Event: 39551.972 Thread 0x0000021d8d856ce0 DEOPT PACKING pc=0x0000021d3a7ac340 sp=0x000000fbddeff030
Event: 39551.972 Thread 0x0000021d8d856ce0 DEOPT UNPACKING pc=0x0000021d396c6da2 sp=0x000000fbddefeed0 mode 2

Classes loaded (20 events):
Event: 314.783 Loading class java/util/stream/Nodes$ToArrayTask done
Event: 314.783 Loading class java/util/stream/Nodes$ToArrayTask$OfRef done
Event: 314.785 Loading class java/io/ObjectOutputStream$BlockDataOutputStream
Event: 314.785 Loading class java/io/ObjectOutputStream$BlockDataOutputStream done
Event: 314.785 Loading class java/io/ObjectOutputStream$HandleTable
Event: 314.786 Loading class java/io/ObjectOutputStream$HandleTable done
Event: 314.786 Loading class java/io/ObjectOutputStream$ReplaceTable
Event: 314.786 Loading class java/io/ObjectOutputStream$ReplaceTable done
Event: 2999.599 Loading class java/util/function/IntPredicate
Event: 2999.599 Loading class java/util/function/IntPredicate done
Event: 2999.619 Loading class java/util/regex/Pattern$Bound
Event: 2999.619 Loading class java/util/regex/Pattern$Bound done
Event: 3025.773 Loading class java/util/stream/DistinctOps
Event: 3025.774 Loading class java/util/stream/DistinctOps done
Event: 3025.774 Loading class java/util/stream/DistinctOps$1
Event: 3025.774 Loading class java/util/stream/DistinctOps$1 done
Event: 3025.776 Loading class java/util/stream/DistinctOps$1$2
Event: 3025.776 Loading class java/util/stream/DistinctOps$1$2 done
Event: 3025.862 Loading class sun/nio/fs/WindowsFileCopy
Event: 3025.863 Loading class sun/nio/fs/WindowsFileCopy done

Classes unloaded (7 events):
Event: 6.883 Thread 0x0000021d2efe6f80 Unloading class 0x0000021d471ab400 'java/lang/invoke/LambdaForm$MH+0x0000021d471ab400'
Event: 6.883 Thread 0x0000021d2efe6f80 Unloading class 0x0000021d471ab000 'java/lang/invoke/LambdaForm$MH+0x0000021d471ab000'
Event: 6.883 Thread 0x0000021d2efe6f80 Unloading class 0x0000021d471aac00 'java/lang/invoke/LambdaForm$MH+0x0000021d471aac00'
Event: 6.883 Thread 0x0000021d2efe6f80 Unloading class 0x0000021d471aa800 'java/lang/invoke/LambdaForm$MH+0x0000021d471aa800'
Event: 6.883 Thread 0x0000021d2efe6f80 Unloading class 0x0000021d471aa400 'java/lang/invoke/LambdaForm$BMH+0x0000021d471aa400'
Event: 6.883 Thread 0x0000021d2efe6f80 Unloading class 0x0000021d471aa000 'java/lang/invoke/LambdaForm$DMH+0x0000021d471aa000'
Event: 6.883 Thread 0x0000021d2efe6f80 Unloading class 0x0000021d471a8c00 'java/lang/invoke/LambdaForm$DMH+0x0000021d471a8c00'

Classes redefined (0 events):
No events

Internal exceptions (20 events):
Event: 2999.425 Thread 0x0000021d90c5a230 Implicit null exception at 0x0000021d3a4106e8 to 0x0000021d3a410b18
Event: 2999.600 Thread 0x0000021d90c5a230 Exception <a 'java/lang/NoSuchMethodError'{0x00000000d60e2c60}: 'int java.lang.invoke.DirectMethodHandle$Holder.invokeStaticInit(java.lang.Object, int)'> (0x00000000d60e2c60) 
thrown [s\src\hotspot\share\interpreter\linkResolver.cpp, line 773]
Event: 2999.761 Thread 0x0000021d90c5a230 Exception <a 'java/lang/NoSuchMethodError'{0x00000000d60ba7a0}: 'int java.lang.invoke.DirectMethodHandle$Holder.invokeSpecialIFC(java.lang.Object, java.lang.Object, int)'> (0x00000000d60ba7a0) 
thrown [s\src\hotspot\share\interpreter\linkResolver.cpp, line 773]
Event: 2999.777 Thread 0x0000021d90c5a230 Exception <a 'sun/nio/fs/WindowsException'{0x00000000d55b7020}> (0x00000000d55b7020) 
thrown [s\src\hotspot\share\prims\jni.cpp, line 520]
Event: 2999.778 Thread 0x0000021d90c5a230 Exception <a 'sun/nio/fs/WindowsException'{0x00000000d55b7650}> (0x00000000d55b7650) 
thrown [s\src\hotspot\share\prims\jni.cpp, line 520]
Event: 3025.786 Thread 0x0000021d8e6ecaa0 Implicit null exception at 0x0000021d3a49404e to 0x0000021d3a495144
Event: 3025.790 Thread 0x0000021d8e6ecaa0 Exception <a 'java/lang/NoSuchMethodError'{0x00000000d55cc098}: 'java.lang.Object java.lang.invoke.DirectMethodHandle$Holder.invokeStatic(java.lang.Object, java.lang.Object, int, java.lang.Object)'> (0x00000000d55cc098) 
thrown [s\src\hotspot\share\interpreter\linkResolver.cpp, line 773]
Event: 3025.791 Thread 0x0000021d8e6ecaa0 Exception <a 'java/lang/NoSuchMethodError'{0x00000000d55ddf10}: 'java.lang.Object java.lang.invoke.DirectMethodHandle$Holder.newInvokeSpecial(java.lang.Object, java.lang.Object, int)'> (0x00000000d55ddf10) 
thrown [s\src\hotspot\share\interpreter\linkResolver.cpp, line 773]
Event: 3025.843 Thread 0x0000021d8dde6cc0 Implicit null exception at 0x0000021d3a398b62 to 0x0000021d3a398fa4
Event: 3025.863 Thread 0x0000021d8dde6cc0 Exception <a 'sun/nio/fs/WindowsException'{0x00000000d5673d08}> (0x00000000d5673d08) 
thrown [s\src\hotspot\share\prims\jni.cpp, line 520]
Event: 3064.077 Thread 0x0000021d8dde6cc0 Exception <a 'sun/nio/fs/WindowsException'{0x00000000d59f5d98}> (0x00000000d59f5d98) 
thrown [s\src\hotspot\share\prims\jni.cpp, line 520]
Event: 3064.093 Thread 0x0000021d8dde6cc0 Implicit null exception at 0x0000021d3a294c80 to 0x0000021d3a295098
Event: 3064.093 Thread 0x0000021d8dde6cc0 Implicit null exception at 0x0000021d3a4f83b5 to 0x0000021d3a4fc6c8
Event: 3118.474 Thread 0x0000021d90c587f0 Implicit null exception at 0x0000021d3a6be946 to 0x0000021d3a6c1054
Event: 3118.482 Thread 0x0000021d90c587f0 Implicit null exception at 0x0000021d3a58a2ed to 0x0000021d3a58d7ac
Event: 3118.482 Thread 0x0000021d90c587f0 Implicit null exception at 0x0000021d3a582dae to 0x0000021d3a584f48
Event: 3118.514 Thread 0x0000021d90c587f0 Implicit null exception at 0x0000021d3a29e941 to 0x0000021d3a2a1050
Event: 3118.514 Thread 0x0000021d90c587f0 Implicit null exception at 0x0000021d3a29e941 to 0x0000021d3a2a1050
Event: 3118.514 Thread 0x0000021d90c587f0 Implicit null exception at 0x0000021d3a29e941 to 0x0000021d3a2a1050
Event: 3119.674 Thread 0x0000021d90c587f0 Implicit null exception at 0x0000021d3a30cc9e to 0x0000021d3a30cf24

ZGC Phase Switch (0 events):
No events

VM Operations (20 events):
Event: 43532.402 Executing non-safepoint VM operation: HandshakeAllThreads (HandshakeForDeflation)
Event: 43532.402 Executing non-safepoint VM operation: HandshakeAllThreads (HandshakeForDeflation) done
Event: 43532.402 Executing non-safepoint VM operation: RendezvousGCThreads
Event: 43532.402 Executing non-safepoint VM operation: RendezvousGCThreads done
Event: 44434.409 Executing non-safepoint VM operation: HandshakeAllThreads (HandshakeForDeflation)
Event: 44434.409 Executing non-safepoint VM operation: HandshakeAllThreads (HandshakeForDeflation) done
Event: 44434.409 Executing non-safepoint VM operation: RendezvousGCThreads
Event: 44434.409 Executing non-safepoint VM operation: RendezvousGCThreads done
Event: 45336.209 Executing non-safepoint VM operation: HandshakeAllThreads (HandshakeForDeflation)
Event: 45336.209 Executing non-safepoint VM operation: HandshakeAllThreads (HandshakeForDeflation) done
Event: 45336.209 Executing non-safepoint VM operation: RendezvousGCThreads
Event: 45336.209 Executing non-safepoint VM operation: RendezvousGCThreads done
Event: 46238.073 Executing non-safepoint VM operation: HandshakeAllThreads (HandshakeForDeflation)
Event: 46238.073 Executing non-safepoint VM operation: HandshakeAllThreads (HandshakeForDeflation) done
Event: 46238.073 Executing non-safepoint VM operation: RendezvousGCThreads
Event: 46238.073 Executing non-safepoint VM operation: RendezvousGCThreads done
Event: 46272.805 Executing safepoint VM operation: ParallelGCFailedAllocation (Allocation Failure)
Event: 46272.807 Executing safepoint VM operation: ParallelGCFailedAllocation (Allocation Failure) done
Event: 46273.820 Executing safepoint VM operation: Cleanup
Event: 46273.820 Executing safepoint VM operation: Cleanup done

Memory protections (0 events):
No events

Nmethod flushes (20 events):
Event: 14.139 Thread 0x0000021d2efe6f80 flushing  nmethod 0x0000021d32997410
Event: 14.139 Thread 0x0000021d2efe6f80 flushing  nmethod 0x0000021d32998c90
Event: 14.139 Thread 0x0000021d2efe6f80 flushing  nmethod 0x0000021d32999290
Event: 14.139 Thread 0x0000021d2efe6f80 flushing  nmethod 0x0000021d3299a210
Event: 14.139 Thread 0x0000021d2efe6f80 flushing  nmethod 0x0000021d3299c910
Event: 14.139 Thread 0x0000021d2efe6f80 flushing  nmethod 0x0000021d329a4990
Event: 14.139 Thread 0x0000021d2efe6f80 flushing  nmethod 0x0000021d329bfd10
Event: 14.139 Thread 0x0000021d2efe6f80 flushing  nmethod 0x0000021d329da210
Event: 14.139 Thread 0x0000021d2efe6f80 flushing  nmethod 0x0000021d329ddc10
Event: 14.139 Thread 0x0000021d2efe6f80 flushing  nmethod 0x0000021d329f5e90
Event: 14.139 Thread 0x0000021d2efe6f80 flushing  nmethod 0x0000021d32a10d90
Event: 14.139 Thread 0x0000021d2efe6f80 flushing  nmethod 0x0000021d32a19110
Event: 14.139 Thread 0x0000021d2efe6f80 flushing  nmethod 0x0000021d32a1a990
Event: 14.139 Thread 0x0000021d2efe6f80 flushing  nmethod 0x0000021d32a1b110
Event: 14.139 Thread 0x0000021d2efe6f80 flushing  nmethod 0x0000021d32a1b490
Event: 14.139 Thread 0x0000021d2efe6f80 flushing  nmethod 0x0000021d32a1b810
Event: 14.139 Thread 0x0000021d2efe6f80 flushing  nmethod 0x0000021d32a1bd90
Event: 14.139 Thread 0x0000021d2efe6f80 flushing  nmethod 0x0000021d32a1d390
Event: 14.139 Thread 0x0000021d2efe6f80 flushing  nmethod 0x0000021d32a28410
Event: 14.139 Thread 0x0000021d2efe6f80 flushing  nmethod 0x0000021d32a3d790

Events (20 events):
Event: 3262.917 Thread 0x0000021d90c5a230 Thread exited: 0x0000021d90c5a230
Event: 3322.924 Thread 0x0000021d90c5af50 Thread exited: 0x0000021d90c5af50
Event: 3325.866 Thread 0x0000021d8e6ed130 Thread added: 0x0000021d8e6f12d0
Event: 3325.866 Thread 0x0000021d8e6f12d0 Thread exited: 0x0000021d8e6f12d0
Event: 3325.867 Thread 0x0000021d8e6ed130 Thread added: 0x0000021d8e6f1960
Event: 3325.868 Thread 0x0000021d8e6f1960 Thread added: 0x0000021d8e6f12d0
Event: 3325.868 Thread 0x0000021d8e6f1960 Thread added: 0x0000021d90c587f0
Event: 3325.869 Thread 0x0000021d8e6f12d0 Thread exited: 0x0000021d8e6f12d0
Event: 3325.869 Thread 0x0000021d90c587f0 Thread exited: 0x0000021d90c587f0
Event: 3325.869 Thread 0x0000021d8e6f1960 Thread exited: 0x0000021d8e6f1960
Event: 3382.937 Thread 0x0000021d90c5a8c0 Thread exited: 0x0000021d90c5a8c0
Event: 3442.950 Thread 0x0000021d90c59510 Thread exited: 0x0000021d90c59510
Event: 34242.913 Thread 0x0000021d8e6f05b0 Thread added: 0x0000021d90c59510
Event: 34245.572 Thread 0x0000021d2eee3e10 Thread added: 0x0000021d99b5c050
Event: 34250.612 Thread 0x0000021d99b5c050 Thread exited: 0x0000021d99b5c050
Event: 34305.548 Thread 0x0000021d90c59510 Thread exited: 0x0000021d90c59510
Event: 41476.737 Thread 0x0000021d8e6f05b0 Thread added: 0x0000021d90c5a230
Event: 41536.943 Thread 0x0000021d90c5a230 Thread exited: 0x0000021d90c5a230
Event: 46272.579 Thread 0x0000021d8e6f05b0 Thread added: 0x0000021d90c587f0
Event: 46272.800 Thread 0x0000021d90c587f0 Thread added: 0x0000021d90c5a230


Dynamic libraries:
0x00007ff6f4070000 - 0x00007ff6f407e000 	c:\Users\USER\.vscode\extensions\redhat.java-1.54.0-win32-x64\jre\21.0.10-win32-x86_64\bin\java.exe
0x00007ffe77d20000 - 0x00007ffe77f87000 	C:\WINDOWS\SYSTEM32\ntdll.dll
0x00007ffe75bf0000 - 0x00007ffe75cb9000 	C:\WINDOWS\System32\KERNEL32.DLL
0x00007ffe75270000 - 0x00007ffe75664000 	C:\WINDOWS\System32\KERNELBASE.dll
0x00007ffe71e90000 - 0x00007ffe71f2f000 	C:\WINDOWS\SYSTEM32\apphelp.dll
0x00007ffe75120000 - 0x00007ffe7526b000 	C:\WINDOWS\System32\ucrtbase.dll
0x00007ffdf8e90000 - 0x00007ffdf8ea8000 	c:\Users\USER\.vscode\extensions\redhat.java-1.54.0-win32-x64\jre\21.0.10-win32-x86_64\bin\jli.dll
0x00007ffdf4d60000 - 0x00007ffdf4d7e000 	c:\Users\USER\.vscode\extensions\redhat.java-1.54.0-win32-x64\jre\21.0.10-win32-x86_64\bin\VCRUNTIME140.dll
0x00007ffe765f0000 - 0x00007ffe767b5000 	C:\WINDOWS\System32\USER32.dll
0x00007ffe75730000 - 0x00007ffe75757000 	C:\WINDOWS\System32\win32u.dll
0x00007ffe4f900000 - 0x00007ffe4fb93000 	C:\WINDOWS\WinSxS\amd64_microsoft.windows.common-controls_6595b64144ccf1df_6.0.26100.8115_none_3e075c82e3354f9c\COMCTL32.dll
0x00007ffe777b0000 - 0x00007ffe77859000 	C:\WINDOWS\System32\msvcrt.dll
0x00007ffe75ef0000 - 0x00007ffe75f1b000 	C:\WINDOWS\System32\GDI32.dll
0x00007ffe75810000 - 0x00007ffe7593b000 	C:\WINDOWS\System32\gdi32full.dll
0x00007ffe75760000 - 0x00007ffe75803000 	C:\WINDOWS\System32\msvcp_win.dll
0x00007ffe767c0000 - 0x00007ffe767f2000 	C:\WINDOWS\System32\IMM32.DLL
0x00007ffe52a50000 - 0x00007ffe52a5c000 	c:\Users\USER\.vscode\extensions\redhat.java-1.54.0-win32-x64\jre\21.0.10-win32-x86_64\bin\vcruntime140_1.dll
0x00007ffdd0100000 - 0x00007ffdd018d000 	c:\Users\USER\.vscode\extensions\redhat.java-1.54.0-win32-x64\jre\21.0.10-win32-x86_64\bin\msvcp140.dll
0x00007ffd8bd60000 - 0x00007ffd8cb01000 	c:\Users\USER\.vscode\extensions\redhat.java-1.54.0-win32-x64\jre\21.0.10-win32-x86_64\bin\server\jvm.dll
0x00007ffe77c20000 - 0x00007ffe77cd6000 	C:\WINDOWS\System32\ADVAPI32.dll
0x00007ffe77670000 - 0x00007ffe77717000 	C:\WINDOWS\System32\sechost.dll
0x00007ffe75ab0000 - 0x00007ffe75bc8000 	C:\WINDOWS\System32\RPCRT4.dll
0x00007ffe76200000 - 0x00007ffe76280000 	C:\WINDOWS\System32\WS2_32.dll
0x00007ffe73210000 - 0x00007ffe7326e000 	C:\WINDOWS\SYSTEM32\POWRPROF.dll
0x00007ffe66910000 - 0x00007ffe66946000 	C:\WINDOWS\SYSTEM32\WINMM.dll
0x00007ffe6c8d0000 - 0x00007ffe6c8db000 	C:\WINDOWS\SYSTEM32\VERSION.dll
0x00007ffe731f0000 - 0x00007ffe73204000 	C:\WINDOWS\SYSTEM32\UMPDC.dll
0x00007ffe734a0000 - 0x00007ffe734bb000 	C:\WINDOWS\SYSTEM32\kernel.appcore.dll
0x00007ffe529b0000 - 0x00007ffe529ba000 	c:\Users\USER\.vscode\extensions\redhat.java-1.54.0-win32-x64\jre\21.0.10-win32-x86_64\bin\jimage.dll
0x00007ffe5f7d0000 - 0x00007ffe5fa12000 	C:\WINDOWS\SYSTEM32\DBGHELP.DLL
0x00007ffe77890000 - 0x00007ffe77c12000 	C:\WINDOWS\System32\combase.dll
0x00007ffe76350000 - 0x00007ffe76428000 	C:\WINDOWS\System32\OLEAUT32.dll
0x00007ffe53c10000 - 0x00007ffe53c4b000 	C:\WINDOWS\SYSTEM32\dbgcore.DLL
0x00007ffe745f0000 - 0x00007ffe74695000 	C:\WINDOWS\System32\bcryptPrimitives.dll
0x00007ffe412e0000 - 0x00007ffe412ef000 	c:\Users\USER\.vscode\extensions\redhat.java-1.54.0-win32-x64\jre\21.0.10-win32-x86_64\bin\instrument.dll
0x00007ffdf9670000 - 0x00007ffdf9690000 	c:\Users\USER\.vscode\extensions\redhat.java-1.54.0-win32-x64\jre\21.0.10-win32-x86_64\bin\java.dll
0x00007ffe76df0000 - 0x00007ffe77557000 	C:\WINDOWS\System32\SHELL32.dll
0x00007ffe75940000 - 0x00007ffe75aaa000 	C:\WINDOWS\System32\wintypes.dll
0x00007ffe74730000 - 0x00007ffe74f98000 	C:\WINDOWS\System32\windows.storage.dll
0x00007ffe77570000 - 0x00007ffe77668000 	C:\WINDOWS\System32\SHCORE.dll
0x00007ffe76800000 - 0x00007ffe76866000 	C:\WINDOWS\System32\shlwapi.dll
0x00007ffe74510000 - 0x00007ffe74539000 	C:\WINDOWS\SYSTEM32\profapi.dll
0x00007ffdf0250000 - 0x00007ffdf0268000 	c:\Users\USER\.vscode\extensions\redhat.java-1.54.0-win32-x64\jre\21.0.10-win32-x86_64\bin\zip.dll
0x00007ffe41210000 - 0x00007ffe41220000 	C:\Users\USER\.vscode\extensions\redhat.java-1.54.0-win32-x64\jre\21.0.10-win32-x86_64\bin\net.dll
0x00007ffe6c4a0000 - 0x00007ffe6c5cd000 	C:\WINDOWS\SYSTEM32\WINHTTP.dll
0x00007ffe73a10000 - 0x00007ffe73a7c000 	C:\WINDOWS\system32\mswsock.dll
0x00007ffde0e20000 - 0x00007ffde0e36000 	C:\Users\USER\.vscode\extensions\redhat.java-1.54.0-win32-x64\jre\21.0.10-win32-x86_64\bin\nio.dll
0x00007ffe36420000 - 0x00007ffe36430000 	c:\Users\USER\.vscode\extensions\redhat.java-1.54.0-win32-x64\jre\21.0.10-win32-x86_64\bin\verify.dll
0x00007ffdd43b0000 - 0x00007ffdd43f5000 	C:\Users\USER\AppData\Roaming\Code\User\globalStorage\redhat.java\1.54.0\config_win\org.eclipse.equinox.launcher\org.eclipse.equinox.launcher.win32.win32.x86_64_1.3.0.v20260203-2149\eclipse_11919.dll
0x00007ffe76450000 - 0x00007ffe765e7000 	C:\WINDOWS\System32\ole32.dll
0x00007ffe73cf0000 - 0x00007ffe73d0b000 	C:\WINDOWS\SYSTEM32\CRYPTSP.dll
0x00007ffe73400000 - 0x00007ffe73439000 	C:\WINDOWS\system32\rsaenh.dll
0x00007ffe73ac0000 - 0x00007ffe73af3000 	C:\WINDOWS\SYSTEM32\USERENV.dll
0x00007ffe744e0000 - 0x00007ffe7450a000 	C:\WINDOWS\SYSTEM32\bcrypt.dll
0x00007ffe73d10000 - 0x00007ffe73d1c000 	C:\WINDOWS\SYSTEM32\CRYPTBASE.dll
0x00007ffe72e10000 - 0x00007ffe72e42000 	C:\WINDOWS\SYSTEM32\IPHLPAPI.DLL
0x00007ffe77560000 - 0x00007ffe7756a000 	C:\WINDOWS\System32\NSI.dll
0x00007ffdd0ac0000 - 0x00007ffdd0b09000 	C:\Users\USER\AppData\Local\Temp\jna-2614219\jna7042801207592014726.dll
0x00007ffe75be0000 - 0x00007ffe75be8000 	C:\WINDOWS\System32\PSAPI.DLL
0x00007ffe6db70000 - 0x00007ffe6db8d000 	C:\WINDOWS\SYSTEM32\dhcpcsvc6.DLL
0x00007ffe6dab0000 - 0x00007ffe6dad5000 	C:\WINDOWS\SYSTEM32\dhcpcsvc.DLL

JVMTI agents:
c:\Users\USER\.vscode\extensions\redhat.java-1.54.0-win32-x64\lombok\lombok-1.18.39-4050.jar path:c:\Users\USER\.vscode\extensions\redhat.java-1.54.0-win32-x64\jre\21.0.10-win32-x86_64\bin\instrument.dll, loaded, initialized, instrumentlib options:none

dbghelp: loaded successfully - version: 4.0.5 - missing functions: none
symbol engine: initialized successfully - sym options: 0x614 - pdb path: .;c:\Users\USER\.vscode\extensions\redhat.java-1.54.0-win32-x64\jre\21.0.10-win32-x86_64\bin;C:\WINDOWS\SYSTEM32;C:\WINDOWS\WinSxS\amd64_microsoft.windows.common-controls_6595b64144ccf1df_6.0.26100.8115_none_3e075c82e3354f9c;c:\Users\USER\.vscode\extensions\redhat.java-1.54.0-win32-x64\jre\21.0.10-win32-x86_64\bin\server;C:\Users\USER\AppData\Roaming\Code\User\globalStorage\redhat.java\1.54.0\config_win\org.eclipse.equinox.launcher\org.eclipse.equinox.launcher.win32.win32.x86_64_1.3.0.v20260203-2149;C:\Users\USER\AppData\Local\Temp\jna-2614219

VM Arguments:
jvm_args: --add-modules=ALL-SYSTEM --add-opens=java.base/java.util=ALL-UNNAMED --add-opens=java.base/java.lang=ALL-UNNAMED --add-opens=java.base/sun.nio.fs=ALL-UNNAMED -Declipse.application=org.eclipse.jdt.ls.core.id1 -Dosgi.bundles.defaultStartLevel=4 -Declipse.product=org.eclipse.jdt.ls.core.product -Djava.import.generatesMetadataFilesAtProjectRoot=false -DDetectVMInstallationsJob.disabled=true -Dfile.encoding=utf8 -XX:+UseParallelGC -XX:GCTimeRatio=4 -XX:AdaptiveSizePolicyWeight=90 -Dsun.zip.disableMemoryMapping=true -Xmx2G -Xms100m -Xlog:disable -javaagent:c:\Users\USER\.vscode\extensions\redhat.java-1.54.0-win32-x64\lombok\lombok-1.18.39-4050.jar -XX:+HeapDumpOnOutOfMemoryError -XX:HeapDumpPath=c:\Users\USER\AppData\Roaming\Code\User\workspaceStorage\8e79ea45fcff26f9959b2306e4c87bc1\redhat.java -Daether.dependencyCollector.impl=bf 
java_command: c:\Users\USER\.vscode\extensions\redhat.java-1.54.0-win32-x64\server\plugins\org.eclipse.equinox.launcher_1.7.100.v20251111-0406.jar -configuration c:\Users\USER\AppData\Roaming\Code\User\globalStorage\redhat.java\1.54.0\config_win -data c:\Users\USER\AppData\Roaming\Code\User\workspaceStorage\8e79ea45fcff26f9959b2306e4c87bc1\redhat.java\jdt_ws --pipe=\\.\pipe\lsp-729c499fb9ea2fa769527d544e8f1e58-sock
java_class_path (initial): c:\Users\USER\.vscode\extensions\redhat.java-1.54.0-win32-x64\server\plugins\org.eclipse.equinox.launcher_1.7.100.v20251111-0406.jar
Launcher Type: SUN_STANDARD

[Global flags]
    uintx AdaptiveSizePolicyWeight                 = 90                                        {product} {command line}
     intx CICompilerCount                          = 4                                         {product} {ergonomic}
    uintx GCTimeRatio                              = 4                                         {product} {command line}
     bool HeapDumpOnOutOfMemoryError               = true                                   {manageable} {command line}
    ccstr HeapDumpPath                             = c:\Users\USER\AppData\Roaming\Code\User\workspaceStorage\8e79ea45fcff26f9959b2306e4c87bc1\redhat.java         {manageable} {command line}
   size_t InitialHeapSize                          = 104857600                                 {product} {command line}
   size_t MaxHeapSize                              = 2147483648                                {product} {command line}
   size_t MaxNewSize                               = 715653120                                 {product} {ergonomic}
   size_t MinHeapDeltaBytes                        = 524288                                    {product} {ergonomic}
   size_t MinHeapSize                              = 104857600                                 {product} {command line}
   size_t NewSize                                  = 34603008                                  {product} {ergonomic}
    uintx NonNMethodCodeHeapSize                   = 5839372                                {pd product} {ergonomic}
    uintx NonProfiledCodeHeapSize                  = 122909434                              {pd product} {ergonomic}
   size_t OldSize                                  = 70254592                                  {product} {ergonomic}
    uintx ProfiledCodeHeapSize                     = 122909434                              {pd product} {ergonomic}
    uintx ReservedCodeCacheSize                    = 251658240                              {pd product} {ergonomic}
     bool SegmentedCodeCache                       = true                                      {product} {ergonomic}
   size_t SoftMaxHeapSize                          = 2147483648                             {manageable} {ergonomic}
     bool UseCompressedOops                        = true                           {product lp64_product} {ergonomic}
     bool UseLargePagesIndividualAllocation        = false                                  {pd product} {ergonomic}
     bool UseParallelGC                            = true                                      {product} {command line}

Logging:
Log output configuration:
 #0: stdout all=off uptime,level,tags foldmultilines=false
 #1: stderr all=off uptime,level,tags foldmultilines=false

Release file:
JAVA_VERSION="21.0.10" 
MODULES="java.base java.compiler java.datatransfer java.xml java.prefs java.desktop java.instrument java.logging java.management java.security.sasl java.naming java.rmi java.management.rmi java.net.http java.scripting java.security.jgss java.transaction.xa java.sql java.sql.rowset java.xml.crypto java.se java.smartcardio jdk.accessibility jdk.internal.jvmstat jdk.attach jdk.charsets jdk.internal.opt jdk.zipfs jdk.compiler jdk.crypto.ec jdk.crypto.cryptoki jdk.crypto.mscapi jdk.dynalink jdk.internal.ed jdk.editpad jdk.hotspot.agent jdk.httpserver jdk.internal.le jdk.internal.vm.ci jdk.internal.vm.compiler jdk.internal.vm.compiler.management jdk.jartool jdk.javadoc jdk.jcmd jdk.management jdk.management.agent jdk.jconsole jdk.jdeps jdk.jdwp.agent jdk.jdi jdk.jfr jdk.jshell jdk.jsobject jdk.jstatd jdk.localedata jdk.management.jfr jdk.naming.dns jdk.naming.rmi jdk.net jdk.nio.mapmode jdk.random jdk.sctp jdk.security.auth jdk.security.jgss jdk.unsupported jdk.unsupported.desktop jdk.xml.dom" 

Environment Variables:
PATH=C:\Users\USER\AppData\Local\Programs\Microsoft VS Code;C:\app\USER\product\21c\dbhomeXE\bin;C:\Program Files\Common Files\Oracle\Java\javapath;C:\windows\system32;C:\windows;C:\windows\System32\Wbem;C:\windows\System32\WindowsPowerShell\v1.0\;C:\windows\System32\OpenSSH\;C:\Program Files (x86)\NVIDIA Corporation\PhysX\Common;C:\Users\Administrator\AppData\Local\Microsoft\WindowsApps;C:\Program Files\HP\OMEN-Broadcast\Common;C:\Program Files\dotnet\;C:\WINDOWS\system32;C:\WINDOWS;C:\WINDOWS\System32\Wbem;C:\WINDOWS\System32\WindowsPowerShell\v1.0\;C:\WINDOWS\System32\OpenSSH\;C:\Program Files\NVIDIA Corporation\NVIDIA App\NvDLISR;C:\Program Files\Git\cmd;D:\nodejs\;C:\Users\USER\AppData\Local\Microsoft\WindowsApps;C:\Users\USER\AppData\Local\Programs\Microsoft VS Code\bin;C:\msys64\ucrt64\bin;C:\Users\USER\AppData\Local\JetBrains\Toolbox\scripts;C:\Users\USER\AppData\Roaming\npm;C:\Users\USER\AppData\Local\GitHubDesktop\bin
USERNAME=USER
OS=Windows_NT
PROCESSOR_IDENTIFIER=AMD64 Family 25 Model 117 Stepping 2, AuthenticAMD
TMP=C:\Users\USER\AppData\Local\Temp
TEMP=C:\Users\USER\AppData\Local\Temp




Periodic native trim disabled

---------------  S Y S T E M  ---------------

OS:
 Windows 11 , 64 bit Build 26100 (10.0.26100.8246)
OS uptime: 5 days 12:19 hours

CPU: total 12 (initial active 12) (12 cores per cpu, 2 threads per core) family 25 model 117 stepping 2 microcode 0xa70520a, cx8, cmov, fxsr, ht, mmx, 3dnowpref, sse, sse2, sse3, ssse3, sse4a, sse4.1, sse4.2, popcnt, lzcnt, tsc, tscinvbit, avx, avx2, aes, erms, clmul, bmi1, bmi2, adx, avx512f, avx512dq, avx512cd, avx512bw, avx512vl, sha, fma, vzeroupper, avx512_vpopcntdq, avx512_vpclmulqdq, avx512_vaes, avx512_vnni, clflush, clflushopt, avx512_vbmi2, avx512_vbmi, rdtscp, rdpid, fsrm, gfni, avx512_bitalg, f16c, pku, cet_ss, avx512_ifma
Processor Information for the first 12 processors :
  Max Mhz: 4301, Current Mhz: 2483, Mhz Limit: 4301

Memory: 4k page, system-wide physical 15678M (993M free)
TotalPageFile size 31661M (AvailPageFile size 92M)
current process WorkingSet (physical memory assigned to process): 235M, peak: 305M
current process commit charge ("private bytes"): 416M, peak: 430M

vm_info: OpenJDK 64-Bit Server VM (21.0.10+7-LTS) for windows-amd64 JRE (21.0.10+7-LTS), built on 2026-01-20T00:00:00Z by "admin" with MS VC++ 17.12 (VS2022)

END.
